0	1	mikroCPIC1618.exe -MSF -DBG -pP18F14K22 -DL -O11111114 -fo16 -N"C:\users\lemezoth\My Documents\workspaceFlotteur\hardware\hardware\Alimentation_18F14k22.mcppi" -SP"C:\Program Files (x86)\Mikroelektronika\mikroC PRO for PIC\Defs\" -SP"C:\Program Files (x86)\Mikroelektronika\mikroC PRO for PIC\uses\P18\" -SP"C:\users\lemezoth\My Documents\workspaceFlotteur\hardware\hardware\" -SP"C:\Users\Public\Documents\Mikroelektronika\mikroC PRO for PIC\defs\" -SP"C:\Users\Public\Documents\Mikroelektronika\mikroC PRO for PIC\uses\P18\" -SP"E:\hardware\" -SP"U:\Projet\Robot Thomas\Robot\PIC Alimentation\" -SP"U:\Projet\Robot Thomas\Robot\PIC Propulseur\" -SP"U:\Projet\Robot DAART\Carte pcduino 2\PIC afficheur\" -SP"E:\Projet\Robot Thomas\Robot\" -SP"F:\Projet\Robot Thomas\Robot\" -SP"U:\Projet\Sat\Programme SAT-Logger\" -SP"U:\Projet\Sat\1336479691_interrupts_on_pi_mikroc_pic\mikroC - 18F45k22\Interrupt On Change\" -SP"U:\Projet\Sat\1334843795_microsd_click____mikroc_pic\mikroC PRO for PIC\EasyPIC7 - PIC18F45K22\microSD click FAT16\" -SP"U:\Projet\Sat\Nouveau dossier\EasyPIC v7 - PIC18F45K22\" -SP"U:\Projet\Sat\1336479691_interrupts_on_pi_mikroc_pic\mikroC - 18F45k22\Peripheral Interrupt\" -SP"U:\Projet\Ecg\" -SP"U:\Projet\Sat\Temperature Logger\" -SP"U:\Projet\Sat\1334843795_microsd_click____mikroc_pic\mikroC PRO for PIC\EasyPIC7 - PIC18F45K22\microSD click Common\" -SP"U:\Projet\Sat\Nouveau dossier\Memory Card Project\" -SP"U:\Projet\Robot DAART\Carte pcduino 2\PIC ultrason\" -SP"U:\Projet\Bracelet\Programme\" -SP"U:\Projet\Robot DAART\Carte pcduino 2\PIC codeur\" -SP"U:\Projet\Robot Thomas\Robot\I2C_Slave\" -SP"U:\Projet\Robot Thomas\Robot\1452263955_how_design_state_mikroc_pic\MAQUINA DE ESTADO 12f675\" -SP"U:\Projet\Robot Thomas\Robot\" -SP"U:\Projet\Largueur\PLONGEUR\" -IP"C:\Program Files (x86)\Mikroelektronika\mikroC PRO for PIC\uses\P18\" -IP"C:\users\lemezoth\My Documents\workspaceFlotteur\hardware\hardware\" "Alimentation_18F14k22.c" "__Lib_Math.mcl" "__Lib_MathDouble.mcl" "__Lib_System.mcl" "__Lib_Delays.mcl" "__Lib_CType.mcl" "__Lib_CString.mcl" "__Lib_CStdlib.mcl" "__Lib_Conversions.mcl" "__Lib_ADC_A_D.mcl" "__Lib_I2C_b46.mcl" "__Lib_PWM_c5.mcl" "__Lib_UART_b57.mcl"	 
warning: 0	1501	Specified search path does not exist: 'C:\Users\Public\Documents\Mikroelektronika\mikroC PRO for PIC\defs'	 
warning: 0	1501	Specified search path does not exist: 'C:\Users\Public\Documents\Mikroelektronika\mikroC PRO for PIC\uses\P18'	 
warning: 0	1501	Specified search path does not exist: 'E:\hardware'	 
warning: 0	1501	Specified search path does not exist: 'U:\Projet\Robot Thomas\Robot\PIC Alimentation'	 
warning: 0	1501	Specified search path does not exist: 'U:\Projet\Robot Thomas\Robot\PIC Propulseur'	 
warning: 0	1501	Specified search path does not exist: 'U:\Projet\Robot DAART\Carte pcduino 2\PIC afficheur'	 
warning: 0	1501	Specified search path does not exist: 'E:\Projet\Robot Thomas\Robot'	 
warning: 0	1501	Specified search path does not exist: 'F:\Projet\Robot Thomas\Robot'	 
warning: 0	1501	Specified search path does not exist: 'U:\Projet\Sat\Programme SAT-Logger'	 
warning: 0	1501	Specified search path does not exist: 'U:\Projet\Sat\1336479691_interrupts_on_pi_mikroc_pic\mikroC - 18F45k22\Interrupt On Change'	 
warning: 0	1501	Specified search path does not exist: 'U:\Projet\Sat\1334843795_microsd_click____mikroc_pic\mikroC PRO for PIC\EasyPIC7 - PIC18F45K22\microSD click FAT16'	 
warning: 0	1501	Specified search path does not exist: 'U:\Projet\Sat\Nouveau dossier\EasyPIC v7 - PIC18F45K22'	 
warning: 0	1501	Specified search path does not exist: 'U:\Projet\Sat\1336479691_interrupts_on_pi_mikroc_pic\mikroC - 18F45k22\Peripheral Interrupt'	 
warning: 0	1501	Specified search path does not exist: 'U:\Projet\Ecg'	 
warning: 0	1501	Specified search path does not exist: 'U:\Projet\Sat\Temperature Logger'	 
warning: 0	1501	Specified search path does not exist: 'U:\Projet\Sat\1334843795_microsd_click____mikroc_pic\mikroC PRO for PIC\EasyPIC7 - PIC18F45K22\microSD click Common'	 
warning: 0	1501	Specified search path does not exist: 'U:\Projet\Sat\Nouveau dossier\Memory Card Project'	 
warning: 0	1501	Specified search path does not exist: 'U:\Projet\Robot DAART\Carte pcduino 2\PIC ultrason'	 
warning: 0	1501	Specified search path does not exist: 'U:\Projet\Bracelet\Programme'	 
warning: 0	1501	Specified search path does not exist: 'U:\Projet\Robot DAART\Carte pcduino 2\PIC codeur'	 
warning: 0	1501	Specified search path does not exist: 'U:\Projet\Robot Thomas\Robot\I2C_Slave'	 
warning: 0	1501	Specified search path does not exist: 'U:\Projet\Robot Thomas\Robot\1452263955_how_design_state_mikroc_pic\MAQUINA DE ESTADO 12f675'	 
warning: 0	1501	Specified search path does not exist: 'U:\Projet\Robot Thomas\Robot'	 
warning: 0	1501	Specified search path does not exist: 'U:\Projet\Largueur\PLONGEUR'	 
hint: 0	1139	Available RAM: 491 [bytes], Available ROM: 16384 [bytes]	 
diagnostics: 0	122	Compilation Started	Alimentation_18F14k22.c
warning: 303	1509	Generated baud rate is 114286 bps (error = 0.79 percent)	Alimentation_18F14k22.c
diagnostics: 612	123	Compiled Successfully	Alimentation_18F14k22.c
diagnostics: 0	127	All files Compiled in 321 ms	 
hint: 0	1144	Used RAM (bytes): 72 (15%)  Free RAM (bytes): 419 (85%)	Used RAM (bytes): 72 (15%)  Free RAM (bytes): 419 (85%)
hint: 0	1144	Used ROM (bytes): 1986 (12%)  Free ROM (bytes): 14398 (88%)	Used ROM (bytes): 1986 (12%)  Free ROM (bytes): 14398 (88%)
diagnostics: 0	125	Project Linked Successfully	Alimentation_18F14k22.mcppi
diagnostics: 0	128	Linked in 115 ms	 
diagnostics: 0	129	Project 'Alimentation_18F14k22.mcppi' completed: 503 ms	 
diagnostics: 0	103	Finished successfully: 09 Jul 2018, 19:11:26	Alimentation_18F14k22.mcppi
