;  LST file generated by mikroListExporter - v.2.0 
; Date/Time: 7/9/2018 7:11:26 PM
;----------------------------------------------

;Address Opcode 	ASM
0x0000	0xF002EFA3  	GOTO        1350
0x0004	0x0000      	NOP
0x0006	0x0000      	NOP
0x0008	0xF002EF3B  	GOTO        1142
0x000C	0x0000      	NOP
0x000E	0x0000      	NOP
0x0010	0x0000      	NOP
0x0012	0x0000      	NOP
0x0014	0x0000      	NOP
0x0016	0x0000      	NOP
0x0018	0xF003EF69  	GOTO        1746
_Delay_22us:
;__Lib_Delays.c,15 :: 		void Delay_22us() {
;__Lib_Delays.c,16 :: 		Delay_us(22);
0x001C	0x0E1D      	MOVLW       29
0x001E	0x6E0D      	MOVWF       R13, 0
L_Delay_22us1:
0x0020	0x2E0D      	DECFSZ      R13, 1, 0
0x0022	0xD7FE      	BRA         L_Delay_22us1
;__Lib_Delays.c,17 :: 		}
L_end_Delay_22us:
0x0024	0x0012      	RETURN      0
; end of _Delay_22us
_ADC_Get_Sample:
;__Lib_ADC_A_D.c,34 :: 		
;__Lib_ADC_A_D.c,37 :: 		
0x0026	0x0E83      	MOVLW       131
0x0028	0x16C2      	ANDWF       ADCON0, 1 
;__Lib_ADC_A_D.c,39 :: 		
0x002A	0xF000C05F  	MOVFF       FARG_ADC_Get_Sample_channel, R0
0x002E	0x3600      	RLCF        R0, 1 
0x0030	0x9000      	BCF         R0, 0 
0x0032	0x3600      	RLCF        R0, 1 
0x0034	0x9000      	BCF         R0, 0 
0x0036	0x5000      	MOVF        R0, 0 
0x0038	0x12C2      	IORWF       ADCON0, 1 
;__Lib_ADC_A_D.c,41 :: 		
0x003A	0xDFF0      	RCALL       _Delay_22us
;__Lib_ADC_A_D.c,42 :: 		
0x003C	0x82C2      	BSF         ADCON0, 1 
;__Lib_ADC_A_D.c,43 :: 		
L_ADC_Get_Sample0:
0x003E	0xA2C2      	BTFSS       ADCON0, 1 
0x0040	0xD001      	BRA         L_ADC_Get_Sample1
;__Lib_ADC_A_D.c,44 :: 		
0x0042	0xD7FD      	BRA         L_ADC_Get_Sample0
L_ADC_Get_Sample1:
;__Lib_ADC_A_D.c,45 :: 		
0x0044	0xF001CFC4  	MOVFF       ADRESH, R1
0x0048	0x6A00      	CLRF        R0 
;__Lib_ADC_A_D.c,46 :: 		
0x004A	0x50C3      	MOVF        ADRESL, 0 
0x004C	0x1200      	IORWF       R0, 1 
0x004E	0x0E00      	MOVLW       0
0x0050	0x1201      	IORWF       R1, 1 
;__Lib_ADC_A_D.c,48 :: 		
;__Lib_ADC_A_D.c,49 :: 		
L_end_ADC_Get_Sample:
0x0052	0x0012      	RETURN      0
; end of _ADC_Get_Sample
_read_batteries_voltage:
;Alimentation_18F14k22.c,201 :: 		void read_batteries_voltage(){
;Alimentation_18F14k22.c,202 :: 		battery_voltage[0] = ADC_Get_Sample(4);   // Get 10-bit results of AD conversion AN4 batterie 1
0x0054	0x0E04      	MOVLW       4
0x0056	0x6E5F      	MOVWF       FARG_ADC_Get_Sample_channel 
0x0058	0xDFE6      	RCALL       _ADC_Get_Sample
0x005A	0xF03EC000  	MOVFF       R0, _battery_voltage
0x005E	0xF03FC001  	MOVFF       R1, _battery_voltage+1
;Alimentation_18F14k22.c,203 :: 		battery_voltage[1] = ADC_Get_Sample(5);   // Get 10-bit results of AD conversion AN5 batterie 2
0x0062	0x0E05      	MOVLW       5
0x0064	0x6E5F      	MOVWF       FARG_ADC_Get_Sample_channel 
0x0066	0xDFDF      	RCALL       _ADC_Get_Sample
0x0068	0xF040C000  	MOVFF       R0, _battery_voltage+2
0x006C	0xF041C001  	MOVFF       R1, _battery_voltage+3
;Alimentation_18F14k22.c,204 :: 		battery_voltage[2] = ADC_Get_Sample(6);   // Get 10-bit results of AD conversion AN6 batterie 3
0x0070	0x0E06      	MOVLW       6
0x0072	0x6E5F      	MOVWF       FARG_ADC_Get_Sample_channel 
0x0074	0xDFD8      	RCALL       _ADC_Get_Sample
0x0076	0xF042C000  	MOVFF       R0, _battery_voltage+4
0x007A	0xF043C001  	MOVFF       R1, _battery_voltage+5
;Alimentation_18F14k22.c,205 :: 		battery_voltage[3] = ADC_Get_Sample(7);   // Get 10-bit results of AD conversion AN7 batterie 4
0x007E	0x0E07      	MOVLW       7
0x0080	0x6E5F      	MOVWF       FARG_ADC_Get_Sample_channel 
0x0082	0xDFD1      	RCALL       _ADC_Get_Sample
0x0084	0xF044C000  	MOVFF       R0, _battery_voltage+6
0x0088	0xF045C001  	MOVFF       R1, _battery_voltage+7
;Alimentation_18F14k22.c,206 :: 		}
L_end_read_batteries_voltage:
0x008C	0x0012      	RETURN      0
; end of _read_batteries_voltage
_UART1_Init:
;__Lib_UART_b57.c,19 :: 		
;__Lib_UART_b57.c,22 :: 		
0x008E	0x0EFF      	MOVLW       _UART1_Write
0x0090	0x6E52      	MOVWF       _UART_Wr_Ptr 
0x0092	0x0EFF      	MOVLW       hi_addr(_UART1_Write)
0x0094	0x6E53      	MOVWF       _UART_Wr_Ptr+1 
0x0096	0x0EFF      	MOVLW       FARG_UART1_Write_data_
0x0098	0x6E54      	MOVWF       _UART_Wr_Ptr+2 
0x009A	0x0EFF      	MOVLW       hi_addr(FARG_UART1_Write_data_)
0x009C	0x6E55      	MOVWF       _UART_Wr_Ptr+3 
;__Lib_UART_b57.c,23 :: 		
0x009E	0x0EFF      	MOVLW       _UART1_Read
0x00A0	0x6E5A      	MOVWF       _UART_Rd_Ptr 
0x00A2	0x0EFF      	MOVLW       hi_addr(_UART1_Read)
0x00A4	0x6E5B      	MOVWF       _UART_Rd_Ptr+1 
0x00A6	0x0E00      	MOVLW       0
0x00A8	0x6E5C      	MOVWF       _UART_Rd_Ptr+2 
0x00AA	0x0E00      	MOVLW       0
0x00AC	0x6E5D      	MOVWF       _UART_Rd_Ptr+3 
;__Lib_UART_b57.c,24 :: 		
0x00AE	0x0EFF      	MOVLW       _UART1_Data_Ready
0x00B0	0x6E56      	MOVWF       _UART_Rdy_Ptr 
0x00B2	0x0EFF      	MOVLW       hi_addr(_UART1_Data_Ready)
0x00B4	0x6E57      	MOVWF       _UART_Rdy_Ptr+1 
0x00B6	0x0E00      	MOVLW       0
0x00B8	0x6E58      	MOVWF       _UART_Rdy_Ptr+2 
0x00BA	0x0E00      	MOVLW       0
0x00BC	0x6E59      	MOVWF       _UART_Rdy_Ptr+3 
;__Lib_UART_b57.c,25 :: 		
0x00BE	0x0EFF      	MOVLW       _UART1_Tx_Idle
0x00C0	0x6E4E      	MOVWF       _UART_Tx_Idle_Ptr 
0x00C2	0x0EFF      	MOVLW       hi_addr(_UART1_Tx_Idle)
0x00C4	0x6E4F      	MOVWF       _UART_Tx_Idle_Ptr+1 
0x00C6	0x0E00      	MOVLW       0
0x00C8	0x6E50      	MOVWF       _UART_Tx_Idle_Ptr+2 
0x00CA	0x0E00      	MOVLW       0
0x00CC	0x6E51      	MOVWF       _UART_Tx_Idle_Ptr+3 
;__Lib_UART_b57.c,27 :: 		
0x00CE	0x8AAC      	BSF         TXSTA, 5 
;__Lib_UART_b57.c,28 :: 		
0x00D0	0x0E90      	MOVLW       144
0x00D2	0x6EAB      	MOVWF       RCSTA 
;__Lib_UART_b57.c,29 :: 		
0x00D4	0x8A93      	BSF         TRISB5_bit, BitPos(TRISB5_bit+0) 
;__Lib_UART_b57.c,30 :: 		
0x00D6	0x8E93      	BSF         TRISB7_bit, BitPos(TRISB7_bit+0) 
;__Lib_UART_b57.c,32 :: 		
L_UART1_Init0:
0x00D8	0xAA9E      	BTFSS       PIR1, 5 
0x00DA	0xD003      	BRA         L_UART1_Init1
;__Lib_UART_b57.c,33 :: 		
0x00DC	0xF000CFAE  	MOVFF       RCREG, R0
0x00E0	0xD7FB      	BRA         L_UART1_Init0
L_UART1_Init1:
;__Lib_UART_b57.c,34 :: 		
L_end_UART1_Init:
0x00E2	0x0012      	RETURN      0
; end of _UART1_Init
_analyze_batteries_voltage:
;Alimentation_18F14k22.c,213 :: 		void analyze_batteries_voltage(){
;Alimentation_18F14k22.c,214 :: 		unsigned short l = 0;
0x00E4	0x6A5E      	CLRF        analyze_batteries_voltage_l_L0 
;Alimentation_18F14k22.c,215 :: 		battery_global_default = 0;
0x00E6	0x6A30      	CLRF        _battery_global_default 
;Alimentation_18F14k22.c,217 :: 		for(l=0; l<4; l++){
0x00E8	0x6A5E      	CLRF        analyze_batteries_voltage_l_L0 
L_analyze_batteries_voltage32:
0x00EA	0x0E04      	MOVLW       4
0x00EC	0x5C5E      	SUBWF       analyze_batteries_voltage_l_L0, 0 
0x00EE	0xE21B      	BC          L_analyze_batteries_voltage33
;Alimentation_18F14k22.c,218 :: 		if(battery_voltage[l] < WARNING_LOW_VOLTAGE)
0x00F0	0xF000C05E  	MOVFF       analyze_batteries_voltage_l_L0, R0
0x00F4	0x0E00      	MOVLW       0
0x00F6	0x6E01      	MOVWF       R1 
0x00F8	0x3600      	RLCF        R0, 1 
0x00FA	0x9000      	BCF         R0, 0 
0x00FC	0x3601      	RLCF        R1, 1 
0x00FE	0x0E3E      	MOVLW       _battery_voltage
0x0100	0x2400      	ADDWF       R0, 0 
0x0102	0x6EE9      	MOVWF       FSR0L 
0x0104	0x0E00      	MOVLW       hi_addr(_battery_voltage)
0x0106	0x2001      	ADDWFC      R1, 0 
0x0108	0x6EEA      	MOVWF       FSR0H 
0x010A	0xF001CFEE  	MOVFF       POSTINC0, R1
0x010E	0xF002CFEE  	MOVFF       POSTINC0, R2
0x0112	0x0E02      	MOVLW       2
0x0114	0x5C02      	SUBWF       R2, 0 
0x0116	0xE102      	BNZ         L__analyze_batteries_voltage134
0x0118	0x0E99      	MOVLW       153
0x011A	0x5C01      	SUBWF       R1, 0 
L__analyze_batteries_voltage134:
0x011C	0xE202      	BC          L_analyze_batteries_voltage35
;Alimentation_18F14k22.c,219 :: 		battery_global_default = 1;
0x011E	0x0E01      	MOVLW       1
0x0120	0x6E30      	MOVWF       _battery_global_default 
L_analyze_batteries_voltage35:
;Alimentation_18F14k22.c,217 :: 		for(l=0; l<4; l++){
0x0122	0x2A5E      	INCF        analyze_batteries_voltage_l_L0, 1 
;Alimentation_18F14k22.c,220 :: 		}
0x0124	0xD7E2      	BRA         L_analyze_batteries_voltage32
L_analyze_batteries_voltage33:
;Alimentation_18F14k22.c,221 :: 		}
L_end_analyze_batteries_voltage:
0x0126	0x0012      	RETURN      0
; end of _analyze_batteries_voltage
_i2c_write_data_to_buffer:
;Alimentation_18F14k22.c,156 :: 		void i2c_write_data_to_buffer(unsigned short nb_tx_octet){
;Alimentation_18F14k22.c,157 :: 		switch(rxbuffer_tab[0]+nb_tx_octet){
0x0128	0x0100      	MOVLB       0
0x012A	0x5160      	MOVF        FARG_i2c_write_data_to_buffer_nb_tx_octet, 0, 1
0x012C	0x2446      	ADDWF       _rxbuffer_tab, 0 
0x012E	0x6E03      	MOVWF       R3 
0x0130	0x6A04      	CLRF        R4 
0x0132	0x0E00      	MOVLW       0
0x0134	0x2204      	ADDWFC      R4, 1 
0x0136	0xD02F      	BRA         L_i2c_write_data_to_buffer18
;Alimentation_18F14k22.c,158 :: 		case 0x00:
L_i2c_write_data_to_buffer20:
;Alimentation_18F14k22.c,159 :: 		SSPBUF = battery_voltage[0];
0x0138	0xFFC9C03E  	MOVFF       _battery_voltage, SSPBUF
;Alimentation_18F14k22.c,160 :: 		break;
0x013C	0xD06F      	BRA         L_i2c_write_data_to_buffer19
;Alimentation_18F14k22.c,161 :: 		case 0x01:
L_i2c_write_data_to_buffer21:
;Alimentation_18F14k22.c,162 :: 		SSPBUF = battery_voltage[0] >> 8;
0x013E	0xF000C03F  	MOVFF       _battery_voltage+1, R0
0x0142	0x6A01      	CLRF        R1 
0x0144	0xFFC9C000  	MOVFF       R0, SSPBUF
;Alimentation_18F14k22.c,163 :: 		break;
0x0148	0xD069      	BRA         L_i2c_write_data_to_buffer19
;Alimentation_18F14k22.c,164 :: 		case 0x02:
L_i2c_write_data_to_buffer22:
;Alimentation_18F14k22.c,165 :: 		SSPBUF = battery_voltage[1];
0x014A	0xFFC9C040  	MOVFF       _battery_voltage+2, SSPBUF
;Alimentation_18F14k22.c,166 :: 		break;
0x014E	0xD066      	BRA         L_i2c_write_data_to_buffer19
;Alimentation_18F14k22.c,167 :: 		case 0x03:
L_i2c_write_data_to_buffer23:
;Alimentation_18F14k22.c,168 :: 		SSPBUF = battery_voltage[1] >> 8;
0x0150	0xF000C041  	MOVFF       _battery_voltage+3, R0
0x0154	0x6A01      	CLRF        R1 
0x0156	0xFFC9C000  	MOVFF       R0, SSPBUF
;Alimentation_18F14k22.c,169 :: 		break;
0x015A	0xD060      	BRA         L_i2c_write_data_to_buffer19
;Alimentation_18F14k22.c,170 :: 		case 0x04:
L_i2c_write_data_to_buffer24:
;Alimentation_18F14k22.c,171 :: 		SSPBUF = battery_voltage[2];
0x015C	0xFFC9C042  	MOVFF       _battery_voltage+4, SSPBUF
;Alimentation_18F14k22.c,172 :: 		break;
0x0160	0xD05D      	BRA         L_i2c_write_data_to_buffer19
;Alimentation_18F14k22.c,173 :: 		case 0x05:
L_i2c_write_data_to_buffer25:
;Alimentation_18F14k22.c,174 :: 		SSPBUF = battery_voltage[2] >> 8;
0x0162	0xF000C043  	MOVFF       _battery_voltage+5, R0
0x0166	0x6A01      	CLRF        R1 
0x0168	0xFFC9C000  	MOVFF       R0, SSPBUF
;Alimentation_18F14k22.c,175 :: 		break;
0x016C	0xD057      	BRA         L_i2c_write_data_to_buffer19
;Alimentation_18F14k22.c,176 :: 		case 0x06:
L_i2c_write_data_to_buffer26:
;Alimentation_18F14k22.c,177 :: 		SSPBUF = battery_voltage[3];
0x016E	0xFFC9C044  	MOVFF       _battery_voltage+6, SSPBUF
;Alimentation_18F14k22.c,178 :: 		break;
0x0172	0xD054      	BRA         L_i2c_write_data_to_buffer19
;Alimentation_18F14k22.c,179 :: 		case 0x07:
L_i2c_write_data_to_buffer27:
;Alimentation_18F14k22.c,180 :: 		SSPBUF = battery_voltage[3] >> 8;
0x0174	0xF000C045  	MOVFF       _battery_voltage+7, R0
0x0178	0x6A01      	CLRF        R1 
0x017A	0xFFC9C000  	MOVFF       R0, SSPBUF
;Alimentation_18F14k22.c,181 :: 		break;
0x017E	0xD04E      	BRA         L_i2c_write_data_to_buffer19
;Alimentation_18F14k22.c,182 :: 		case 0x08:
L_i2c_write_data_to_buffer28:
;Alimentation_18F14k22.c,183 :: 		SSPBUF = start_led_puissance;
0x0180	0xFFC9C02F  	MOVFF       _start_led_puissance, SSPBUF
;Alimentation_18F14k22.c,184 :: 		break;
0x0184	0xD04B      	BRA         L_i2c_write_data_to_buffer19
;Alimentation_18F14k22.c,185 :: 		case 0x09:
L_i2c_write_data_to_buffer29:
;Alimentation_18F14k22.c,186 :: 		SSPBUF = state;
0x0186	0xFFC9C032  	MOVFF       _state, SSPBUF
;Alimentation_18F14k22.c,187 :: 		break;
0x018A	0xD048      	BRA         L_i2c_write_data_to_buffer19
;Alimentation_18F14k22.c,188 :: 		case 0xC0:
L_i2c_write_data_to_buffer30:
;Alimentation_18F14k22.c,189 :: 		SSPBUF = CODE_VERSION;
0x018C	0x0E01      	MOVLW       1
0x018E	0x6EC9      	MOVWF       SSPBUF 
;Alimentation_18F14k22.c,190 :: 		break;
0x0190	0xD045      	BRA         L_i2c_write_data_to_buffer19
;Alimentation_18F14k22.c,191 :: 		default:
L_i2c_write_data_to_buffer31:
;Alimentation_18F14k22.c,192 :: 		SSPBUF = 0x00;
0x0192	0x6AC9      	CLRF        SSPBUF 
;Alimentation_18F14k22.c,193 :: 		break;
0x0194	0xD043      	BRA         L_i2c_write_data_to_buffer19
;Alimentation_18F14k22.c,194 :: 		}
L_i2c_write_data_to_buffer18:
0x0196	0x0E00      	MOVLW       0
0x0198	0x1804      	XORWF       R4, 0 
0x019A	0xE102      	BNZ         L__i2c_write_data_to_buffer121
0x019C	0x0E00      	MOVLW       0
0x019E	0x1803      	XORWF       R3, 0 
L__i2c_write_data_to_buffer121:
0x01A0	0xE0CB      	BZ          L_i2c_write_data_to_buffer20
0x01A2	0x0E00      	MOVLW       0
0x01A4	0x1804      	XORWF       R4, 0 
0x01A6	0xE102      	BNZ         L__i2c_write_data_to_buffer122
0x01A8	0x0E01      	MOVLW       1
0x01AA	0x1803      	XORWF       R3, 0 
L__i2c_write_data_to_buffer122:
0x01AC	0xE0C8      	BZ          L_i2c_write_data_to_buffer21
0x01AE	0x0E00      	MOVLW       0
0x01B0	0x1804      	XORWF       R4, 0 
0x01B2	0xE102      	BNZ         L__i2c_write_data_to_buffer123
0x01B4	0x0E02      	MOVLW       2
0x01B6	0x1803      	XORWF       R3, 0 
L__i2c_write_data_to_buffer123:
0x01B8	0xE0C8      	BZ          L_i2c_write_data_to_buffer22
0x01BA	0x0E00      	MOVLW       0
0x01BC	0x1804      	XORWF       R4, 0 
0x01BE	0xE102      	BNZ         L__i2c_write_data_to_buffer124
0x01C0	0x0E03      	MOVLW       3
0x01C2	0x1803      	XORWF       R3, 0 
L__i2c_write_data_to_buffer124:
0x01C4	0xE0C5      	BZ          L_i2c_write_data_to_buffer23
0x01C6	0x0E00      	MOVLW       0
0x01C8	0x1804      	XORWF       R4, 0 
0x01CA	0xE102      	BNZ         L__i2c_write_data_to_buffer125
0x01CC	0x0E04      	MOVLW       4
0x01CE	0x1803      	XORWF       R3, 0 
L__i2c_write_data_to_buffer125:
0x01D0	0xE0C5      	BZ          L_i2c_write_data_to_buffer24
0x01D2	0x0E00      	MOVLW       0
0x01D4	0x1804      	XORWF       R4, 0 
0x01D6	0xE102      	BNZ         L__i2c_write_data_to_buffer126
0x01D8	0x0E05      	MOVLW       5
0x01DA	0x1803      	XORWF       R3, 0 
L__i2c_write_data_to_buffer126:
0x01DC	0xE0C2      	BZ          L_i2c_write_data_to_buffer25
0x01DE	0x0E00      	MOVLW       0
0x01E0	0x1804      	XORWF       R4, 0 
0x01E2	0xE102      	BNZ         L__i2c_write_data_to_buffer127
0x01E4	0x0E06      	MOVLW       6
0x01E6	0x1803      	XORWF       R3, 0 
L__i2c_write_data_to_buffer127:
0x01E8	0xE0C2      	BZ          L_i2c_write_data_to_buffer26
0x01EA	0x0E00      	MOVLW       0
0x01EC	0x1804      	XORWF       R4, 0 
0x01EE	0xE102      	BNZ         L__i2c_write_data_to_buffer128
0x01F0	0x0E07      	MOVLW       7
0x01F2	0x1803      	XORWF       R3, 0 
L__i2c_write_data_to_buffer128:
0x01F4	0xE0BF      	BZ          L_i2c_write_data_to_buffer27
0x01F6	0x0E00      	MOVLW       0
0x01F8	0x1804      	XORWF       R4, 0 
0x01FA	0xE102      	BNZ         L__i2c_write_data_to_buffer129
0x01FC	0x0E08      	MOVLW       8
0x01FE	0x1803      	XORWF       R3, 0 
L__i2c_write_data_to_buffer129:
0x0200	0xE0BF      	BZ          L_i2c_write_data_to_buffer28
0x0202	0x0E00      	MOVLW       0
0x0204	0x1804      	XORWF       R4, 0 
0x0206	0xE102      	BNZ         L__i2c_write_data_to_buffer130
0x0208	0x0E09      	MOVLW       9
0x020A	0x1803      	XORWF       R3, 0 
L__i2c_write_data_to_buffer130:
0x020C	0xE0BC      	BZ          L_i2c_write_data_to_buffer29
0x020E	0x0E00      	MOVLW       0
0x0210	0x1804      	XORWF       R4, 0 
0x0212	0xE102      	BNZ         L__i2c_write_data_to_buffer131
0x0214	0x0EC0      	MOVLW       192
0x0216	0x1803      	XORWF       R3, 0 
L__i2c_write_data_to_buffer131:
0x0218	0xE0B9      	BZ          L_i2c_write_data_to_buffer30
0x021A	0xD7BB      	BRA         L_i2c_write_data_to_buffer31
L_i2c_write_data_to_buffer19:
;Alimentation_18F14k22.c,195 :: 		watchdog_restart = watchdog_restart_default;
0x021C	0xF034C036  	MOVFF       _watchdog_restart_default, _watchdog_restart
0x0220	0xF035C037  	MOVFF       _watchdog_restart_default+1, _watchdog_restart+1
;Alimentation_18F14k22.c,196 :: 		}
L_end_i2c_write_data_to_buffer:
0x0224	0x0012      	RETURN      0
; end of _i2c_write_data_to_buffer
_i2c_read_data_from_buffer:
;Alimentation_18F14k22.c,109 :: 		void i2c_read_data_from_buffer(){
;Alimentation_18F14k22.c,110 :: 		unsigned short i = 0;
0x0226	0x6A5E      	CLRF        i2c_read_data_from_buffer_i_L0 
;Alimentation_18F14k22.c,112 :: 		for(i=0; i<(nb_rx_octet-1); i++){
0x0228	0x6A5E      	CLRF        i2c_read_data_from_buffer_i_L0 
L_i2c_read_data_from_buffer0:
0x022A	0x0431      	DECF        _nb_rx_octet, 0 
0x022C	0x6E01      	MOVWF       R1 
0x022E	0x6A02      	CLRF        R2 
0x0230	0x0E00      	MOVLW       0
0x0232	0x5A02      	SUBWFB      R2, 1 
0x0234	0x0E80      	MOVLW       128
0x0236	0x6E00      	MOVWF       R0 
0x0238	0x0E80      	MOVLW       128
0x023A	0x1802      	XORWF       R2, 0 
0x023C	0x5C00      	SUBWF       R0, 0 
0x023E	0xE102      	BNZ         L__i2c_read_data_from_buffer112
0x0240	0x5001      	MOVF        R1, 0 
0x0242	0x5C5E      	SUBWF       i2c_read_data_from_buffer_i_L0, 0 
L__i2c_read_data_from_buffer112:
0x0244	0xB0D8      	BTFSC       STATUS, 0 
0x0246	0xD0BC      	BRA         L_i2c_read_data_from_buffer1
;Alimentation_18F14k22.c,113 :: 		switch(rxbuffer_tab[0]+i){
0x0248	0x505E      	MOVF        i2c_read_data_from_buffer_i_L0, 0 
0x024A	0x2446      	ADDWF       _rxbuffer_tab, 0 
0x024C	0x6E04      	MOVWF       R4 
0x024E	0x6A05      	CLRF        R5 
0x0250	0x0E00      	MOVLW       0
0x0252	0x2205      	ADDWFC      R5, 1 
0x0254	0xD087      	BRA         L_i2c_read_data_from_buffer3
;Alimentation_18F14k22.c,114 :: 		case 0x00:  // alimentation
L_i2c_read_data_from_buffer5:
;Alimentation_18F14k22.c,115 :: 		switch(rxbuffer_tab[i+1]){
0x0256	0x505E      	MOVF        i2c_read_data_from_buffer_i_L0, 0 
0x0258	0x0F01      	ADDLW       1
0x025A	0x6E00      	MOVWF       R0 
0x025C	0x6A01      	CLRF        R1 
0x025E	0x0E00      	MOVLW       0
0x0260	0x2201      	ADDWFC      R1, 1 
0x0262	0x0E46      	MOVLW       _rxbuffer_tab
0x0264	0x2400      	ADDWF       R0, 0 
0x0266	0x6E02      	MOVWF       R2 
0x0268	0x0E00      	MOVLW       hi_addr(_rxbuffer_tab)
0x026A	0x2001      	ADDWFC      R1, 0 
0x026C	0x6E03      	MOVWF       R3 
0x026E	0xD00B      	BRA         L_i2c_read_data_from_buffer6
;Alimentation_18F14k22.c,116 :: 		case 0x01:
L_i2c_read_data_from_buffer8:
;Alimentation_18F14k22.c,117 :: 		state = POWER_ON;
0x0270	0x0E01      	MOVLW       1
0x0272	0x6E32      	MOVWF       _state 
;Alimentation_18F14k22.c,118 :: 		break;
0x0274	0xD017      	BRA         L_i2c_read_data_from_buffer7
;Alimentation_18F14k22.c,119 :: 		case 0x02:
L_i2c_read_data_from_buffer9:
;Alimentation_18F14k22.c,120 :: 		time_to_stop = default_time_to_stop;  // Go to Sleep mode
0x0276	0xF02CC02B  	MOVFF       _default_time_to_stop, _time_to_stop
;Alimentation_18F14k22.c,121 :: 		start_time_to_stop = 1;
0x027A	0x0E01      	MOVLW       1
0x027C	0x6E2D      	MOVWF       _start_time_to_stop 
;Alimentation_18F14k22.c,122 :: 		state = WAIT_TO_SLEEP;
0x027E	0x0E02      	MOVLW       2
0x0280	0x6E32      	MOVWF       _state 
;Alimentation_18F14k22.c,123 :: 		break;
0x0282	0xD010      	BRA         L_i2c_read_data_from_buffer7
;Alimentation_18F14k22.c,124 :: 		default:
L_i2c_read_data_from_buffer10:
;Alimentation_18F14k22.c,125 :: 		break;
0x0284	0xD00F      	BRA         L_i2c_read_data_from_buffer7
;Alimentation_18F14k22.c,126 :: 		}
L_i2c_read_data_from_buffer6:
0x0286	0xFFE9C002  	MOVFF       R2, FSR0L
0x028A	0xFFEAC003  	MOVFF       R3, FSR0H
0x028E	0x50EE      	MOVF        POSTINC0, 0 
0x0290	0x0A01      	XORLW       1
0x0292	0xE0EE      	BZ          L_i2c_read_data_from_buffer8
0x0294	0xFFE9C002  	MOVFF       R2, FSR0L
0x0298	0xFFEAC003  	MOVFF       R3, FSR0H
0x029C	0x50EE      	MOVF        POSTINC0, 0 
0x029E	0x0A02      	XORLW       2
0x02A0	0xE0EA      	BZ          L_i2c_read_data_from_buffer9
0x02A2	0xD7F0      	BRA         L_i2c_read_data_from_buffer10
L_i2c_read_data_from_buffer7:
;Alimentation_18F14k22.c,127 :: 		break;
0x02A4	0xD08B      	BRA         L_i2c_read_data_from_buffer4
;Alimentation_18F14k22.c,128 :: 		case 0x01:  // led power
L_i2c_read_data_from_buffer11:
;Alimentation_18F14k22.c,129 :: 		start_led_puissance = (rxbuffer_tab[i+1]!=0x00);
0x02A6	0x505E      	MOVF        i2c_read_data_from_buffer_i_L0, 0 
0x02A8	0x0F01      	ADDLW       1
0x02AA	0x6E00      	MOVWF       R0 
0x02AC	0x6A01      	CLRF        R1 
0x02AE	0x0E00      	MOVLW       0
0x02B0	0x2201      	ADDWFC      R1, 1 
0x02B2	0x0E46      	MOVLW       _rxbuffer_tab
0x02B4	0x2400      	ADDWF       R0, 0 
0x02B6	0x6EE9      	MOVWF       FSR0L 
0x02B8	0x0E00      	MOVLW       hi_addr(_rxbuffer_tab)
0x02BA	0x2001      	ADDWFC      R1, 0 
0x02BC	0x6EEA      	MOVWF       FSR0H 
0x02BE	0x50EE      	MOVF        POSTINC0, 0 
0x02C0	0x0A00      	XORLW       0
0x02C2	0x0E00      	MOVLW       0
0x02C4	0xA4D8      	BTFSS       STATUS, 2 
0x02C6	0x0E01      	MOVLW       1
0x02C8	0x6E2F      	MOVWF       _start_led_puissance 
;Alimentation_18F14k22.c,130 :: 		break;
0x02CA	0xD078      	BRA         L_i2c_read_data_from_buffer4
;Alimentation_18F14k22.c,131 :: 		case 0x02:
L_i2c_read_data_from_buffer12:
;Alimentation_18F14k22.c,132 :: 		led_puissance_delay = rxbuffer_tab[i+1];
0x02CC	0x505E      	MOVF        i2c_read_data_from_buffer_i_L0, 0 
0x02CE	0x0F01      	ADDLW       1
0x02D0	0x6E00      	MOVWF       R0 
0x02D2	0x6A01      	CLRF        R1 
0x02D4	0x0E00      	MOVLW       0
0x02D6	0x2201      	ADDWFC      R1, 1 
0x02D8	0x0E46      	MOVLW       _rxbuffer_tab
0x02DA	0x2400      	ADDWF       R0, 0 
0x02DC	0x6EE9      	MOVWF       FSR0L 
0x02DE	0x0E00      	MOVLW       hi_addr(_rxbuffer_tab)
0x02E0	0x2001      	ADDWFC      R1, 0 
0x02E2	0x6EEA      	MOVWF       FSR0H 
0x02E4	0xF02ECFEE  	MOVFF       POSTINC0, _led_puissance_delay
;Alimentation_18F14k22.c,133 :: 		break;
0x02E8	0xD069      	BRA         L_i2c_read_data_from_buffer4
;Alimentation_18F14k22.c,134 :: 		case 0x03:
L_i2c_read_data_from_buffer13:
;Alimentation_18F14k22.c,135 :: 		default_time_to_start[0] = rxbuffer_tab[i+1]; // hours
0x02EA	0x505E      	MOVF        i2c_read_data_from_buffer_i_L0, 0 
0x02EC	0x0F01      	ADDLW       1
0x02EE	0x6E00      	MOVWF       R0 
0x02F0	0x6A01      	CLRF        R1 
0x02F2	0x0E00      	MOVLW       0
0x02F4	0x2201      	ADDWFC      R1, 1 
0x02F6	0x0E46      	MOVLW       _rxbuffer_tab
0x02F8	0x2400      	ADDWF       R0, 0 
0x02FA	0x6EE9      	MOVWF       FSR0L 
0x02FC	0x0E00      	MOVLW       hi_addr(_rxbuffer_tab)
0x02FE	0x2001      	ADDWFC      R1, 0 
0x0300	0x6EEA      	MOVWF       FSR0H 
0x0302	0xF020CFEE  	MOVFF       POSTINC0, _default_time_to_start
;Alimentation_18F14k22.c,136 :: 		break;
0x0306	0xD05A      	BRA         L_i2c_read_data_from_buffer4
;Alimentation_18F14k22.c,137 :: 		case 0x04:
L_i2c_read_data_from_buffer14:
;Alimentation_18F14k22.c,138 :: 		default_time_to_start[1] = rxbuffer_tab[i+1]; // min
0x0308	0x505E      	MOVF        i2c_read_data_from_buffer_i_L0, 0 
0x030A	0x0F01      	ADDLW       1
0x030C	0x6E00      	MOVWF       R0 
0x030E	0x6A01      	CLRF        R1 
0x0310	0x0E00      	MOVLW       0
0x0312	0x2201      	ADDWFC      R1, 1 
0x0314	0x0E46      	MOVLW       _rxbuffer_tab
0x0316	0x2400      	ADDWF       R0, 0 
0x0318	0x6EE9      	MOVWF       FSR0L 
0x031A	0x0E00      	MOVLW       hi_addr(_rxbuffer_tab)
0x031C	0x2001      	ADDWFC      R1, 0 
0x031E	0x6EEA      	MOVWF       FSR0H 
0x0320	0xF021CFEE  	MOVFF       POSTINC0, _default_time_to_start+1
;Alimentation_18F14k22.c,139 :: 		break;
0x0324	0xD04B      	BRA         L_i2c_read_data_from_buffer4
;Alimentation_18F14k22.c,140 :: 		case 0x05:
L_i2c_read_data_from_buffer15:
;Alimentation_18F14k22.c,141 :: 		default_time_to_start[2] = rxbuffer_tab[i+1]; // sec
0x0326	0x505E      	MOVF        i2c_read_data_from_buffer_i_L0, 0 
0x0328	0x0F01      	ADDLW       1
0x032A	0x6E00      	MOVWF       R0 
0x032C	0x6A01      	CLRF        R1 
0x032E	0x0E00      	MOVLW       0
0x0330	0x2201      	ADDWFC      R1, 1 
0x0332	0x0E46      	MOVLW       _rxbuffer_tab
0x0334	0x2400      	ADDWF       R0, 0 
0x0336	0x6EE9      	MOVWF       FSR0L 
0x0338	0x0E00      	MOVLW       hi_addr(_rxbuffer_tab)
0x033A	0x2001      	ADDWFC      R1, 0 
0x033C	0x6EEA      	MOVWF       FSR0H 
0x033E	0xF022CFEE  	MOVFF       POSTINC0, _default_time_to_start+2
;Alimentation_18F14k22.c,142 :: 		break;
0x0342	0xD03C      	BRA         L_i2c_read_data_from_buffer4
;Alimentation_18F14k22.c,143 :: 		case 0x06:
L_i2c_read_data_from_buffer16:
;Alimentation_18F14k22.c,144 :: 		default_time_to_stop = rxbuffer_tab[i+1]; // sec
0x0344	0x505E      	MOVF        i2c_read_data_from_buffer_i_L0, 0 
0x0346	0x0F01      	ADDLW       1
0x0348	0x6E00      	MOVWF       R0 
0x034A	0x6A01      	CLRF        R1 
0x034C	0x0E00      	MOVLW       0
0x034E	0x2201      	ADDWFC      R1, 1 
0x0350	0x0E46      	MOVLW       _rxbuffer_tab
0x0352	0x2400      	ADDWF       R0, 0 
0x0354	0x6EE9      	MOVWF       FSR0L 
0x0356	0x0E00      	MOVLW       hi_addr(_rxbuffer_tab)
0x0358	0x2001      	ADDWFC      R1, 0 
0x035A	0x6EEA      	MOVWF       FSR0H 
0x035C	0xF02BCFEE  	MOVFF       POSTINC0, _default_time_to_stop
;Alimentation_18F14k22.c,145 :: 		break;
0x0360	0xD02D      	BRA         L_i2c_read_data_from_buffer4
;Alimentation_18F14k22.c,146 :: 		default:
L_i2c_read_data_from_buffer17:
;Alimentation_18F14k22.c,147 :: 		break;
0x0362	0xD02C      	BRA         L_i2c_read_data_from_buffer4
;Alimentation_18F14k22.c,148 :: 		}
L_i2c_read_data_from_buffer3:
0x0364	0x0E00      	MOVLW       0
0x0366	0x1805      	XORWF       R5, 0 
0x0368	0xE102      	BNZ         L__i2c_read_data_from_buffer113
0x036A	0x0E00      	MOVLW       0
0x036C	0x1804      	XORWF       R4, 0 
L__i2c_read_data_from_buffer113:
0x036E	0xB4D8      	BTFSC       STATUS, 2 
0x0370	0xD772      	BRA         L_i2c_read_data_from_buffer5
0x0372	0x0E00      	MOVLW       0
0x0374	0x1805      	XORWF       R5, 0 
0x0376	0xE102      	BNZ         L__i2c_read_data_from_buffer114
0x0378	0x0E01      	MOVLW       1
0x037A	0x1804      	XORWF       R4, 0 
L__i2c_read_data_from_buffer114:
0x037C	0xE094      	BZ          L_i2c_read_data_from_buffer11
0x037E	0x0E00      	MOVLW       0
0x0380	0x1805      	XORWF       R5, 0 
0x0382	0xE102      	BNZ         L__i2c_read_data_from_buffer115
0x0384	0x0E02      	MOVLW       2
0x0386	0x1804      	XORWF       R4, 0 
L__i2c_read_data_from_buffer115:
0x0388	0xE0A1      	BZ          L_i2c_read_data_from_buffer12
0x038A	0x0E00      	MOVLW       0
0x038C	0x1805      	XORWF       R5, 0 
0x038E	0xE102      	BNZ         L__i2c_read_data_from_buffer116
0x0390	0x0E03      	MOVLW       3
0x0392	0x1804      	XORWF       R4, 0 
L__i2c_read_data_from_buffer116:
0x0394	0xE0AA      	BZ          L_i2c_read_data_from_buffer13
0x0396	0x0E00      	MOVLW       0
0x0398	0x1805      	XORWF       R5, 0 
0x039A	0xE102      	BNZ         L__i2c_read_data_from_buffer117
0x039C	0x0E04      	MOVLW       4
0x039E	0x1804      	XORWF       R4, 0 
L__i2c_read_data_from_buffer117:
0x03A0	0xE0B3      	BZ          L_i2c_read_data_from_buffer14
0x03A2	0x0E00      	MOVLW       0
0x03A4	0x1805      	XORWF       R5, 0 
0x03A6	0xE102      	BNZ         L__i2c_read_data_from_buffer118
0x03A8	0x0E05      	MOVLW       5
0x03AA	0x1804      	XORWF       R4, 0 
L__i2c_read_data_from_buffer118:
0x03AC	0xE0BC      	BZ          L_i2c_read_data_from_buffer15
0x03AE	0x0E00      	MOVLW       0
0x03B0	0x1805      	XORWF       R5, 0 
0x03B2	0xE102      	BNZ         L__i2c_read_data_from_buffer119
0x03B4	0x0E06      	MOVLW       6
0x03B6	0x1804      	XORWF       R4, 0 
L__i2c_read_data_from_buffer119:
0x03B8	0xE0C5      	BZ          L_i2c_read_data_from_buffer16
0x03BA	0xD7D3      	BRA         L_i2c_read_data_from_buffer17
L_i2c_read_data_from_buffer4:
;Alimentation_18F14k22.c,112 :: 		for(i=0; i<(nb_rx_octet-1); i++){
0x03BC	0x2A5E      	INCF        i2c_read_data_from_buffer_i_L0, 1 
;Alimentation_18F14k22.c,149 :: 		}
0x03BE	0xD735      	BRA         L_i2c_read_data_from_buffer0
L_i2c_read_data_from_buffer1:
;Alimentation_18F14k22.c,150 :: 		}
L_end_i2c_read_data_from_buffer:
0x03C0	0x0012      	RETURN      0
; end of _i2c_read_data_from_buffer
_init_i2c:
;Alimentation_18F14k22.c,515 :: 		void init_i2c(){
;Alimentation_18F14k22.c,518 :: 		TRISB4_bit = 1; // RB4 en entrée
0x03C2	0x8893      	BSF         TRISB4_bit, BitPos(TRISB4_bit+0) 
;Alimentation_18F14k22.c,519 :: 		TRISB6_bit = 1; // RB6 en entrée
0x03C4	0x8C93      	BSF         TRISB6_bit, BitPos(TRISB6_bit+0) 
;Alimentation_18F14k22.c,522 :: 		PIE1.SSPIE = 1; // Synchronous Serial Port Interrupt Enable bit
0x03C6	0x869D      	BSF         PIE1, 3 
;Alimentation_18F14k22.c,523 :: 		PIR1.SSPIF = 0; // Synchronous Serial Port (SSP) Interrupt Flag, I2C Slave
0x03C8	0x969E      	BCF         PIR1, 3 
;Alimentation_18F14k22.c,525 :: 		PIR2.BCLIE = 1;
0x03CA	0x86A1      	BSF         PIR2, 3 
;Alimentation_18F14k22.c,526 :: 		PIR2.BCLIF = 0;
0x03CC	0x96A1      	BCF         PIR2, 3 
;Alimentation_18F14k22.c,529 :: 		SSPADD = (ADDRESS_I2C << 1); // Address Register, Get address (7-1 bit). Lsb is read/write flag
0x03CE	0x0E72      	MOVLW       114
0x03D0	0x6EC8      	MOVWF       SSPADD 
;Alimentation_18F14k22.c,530 :: 		SSPMSK = 0xFF; // A zero (‘0’) bit in the SSPMSK register has the effect of making
0x03D2	0x0EFF      	MOVLW       255
0x03D4	0x6E6F      	MOVWF       SSPMSK 
;Alimentation_18F14k22.c,534 :: 		SSPSTAT.SMP = 1; // Slew Rate Control bit
0x03D6	0x8EC7      	BSF         SSPSTAT, 7 
;Alimentation_18F14k22.c,537 :: 		SSPSTAT.CKE = 1; // // SMBusTM Select bit (1 = Enable SMBus specific inputs)
0x03D8	0x8CC7      	BSF         SSPSTAT, 6 
;Alimentation_18F14k22.c,540 :: 		SSPCON2 = 0x00;
0x03DA	0x6AC5      	CLRF        SSPCON2 
;Alimentation_18F14k22.c,541 :: 		SSPCON2.GCEN = 0; // General Call Enable bit (0 = disabled)
0x03DC	0x9EC5      	BCF         SSPCON2, 7 
;Alimentation_18F14k22.c,542 :: 		SSPCON2.SEN = 1; // Start Condition Enable/Stretch Enable bit (1 = enabled)
0x03DE	0x80C5      	BSF         SSPCON2, 0 
;Alimentation_18F14k22.c,545 :: 		SSPCON1.WCOL = 0; // Write Collision Detect bit
0x03E0	0x9EC6      	BCF         SSPCON1, 7 
;Alimentation_18F14k22.c,546 :: 		SSPCON1.SSPOV = 0; // Receive Overflow Indicator bit
0x03E2	0x9CC6      	BCF         SSPCON1, 6 
;Alimentation_18F14k22.c,547 :: 		SSPCON1.CKP = 1; // SCK Release Control bit (1=Release clock)
0x03E4	0x88C6      	BSF         SSPCON1, 4 
;Alimentation_18F14k22.c,548 :: 		SSPCON1.SSPM3 = 0b0; // I2C Slave mode, 7-bit address with Start and Stop bit interrupts enabled (1-> with S/P, 0 -> without)
0x03E6	0x96C6      	BCF         SSPCON1, 3 
;Alimentation_18F14k22.c,549 :: 		SSPCON1.SSPM2 = 0b1; // I2C Slave mode, 7-bit address with Start and Stop bit interrupts enabled
0x03E8	0x84C6      	BSF         SSPCON1, 2 
;Alimentation_18F14k22.c,550 :: 		SSPCON1.SSPM1 = 0b1; // I2C Slave mode, 7-bit address with Start and Stop bit interrupts enabled
0x03EA	0x82C6      	BSF         SSPCON1, 1 
;Alimentation_18F14k22.c,551 :: 		SSPCON1.SSPM0 = 0b0; // I2C Slave mode, 7-bit address with Start and Stop bit interrupts enabled
0x03EC	0x90C6      	BCF         SSPCON1, 0 
;Alimentation_18F14k22.c,554 :: 		SSPCON1.SSPEN = 1; // Synchronous Serial Port Enable bit
0x03EE	0x8AC6      	BSF         SSPCON1, 5 
;Alimentation_18F14k22.c,555 :: 		}
L_end_init_i2c:
0x03F0	0x0012      	RETURN      0
; end of _init_i2c
___CC2DW:
;__Lib_System.c,21 :: 		
;__Lib_System.c,23 :: 		
_CC2DL_Loop1:
;__Lib_System.c,24 :: 		
0x03F2	0x0009      	TBLRD*+
;__Lib_System.c,25 :: 		
0x03F4	0xFFE6CFF5  	MOVFF       TABLAT, POSTINC1
;__Lib_System.c,26 :: 		
0x03F8	0x0600      	DECF        R0, 1, 0
;__Lib_System.c,27 :: 		
0x03FA	0xE1FB      	BNZ         _CC2DL_Loop1
;__Lib_System.c,28 :: 		
0x03FC	0x0601      	DECF        R1, 1, 0
;__Lib_System.c,29 :: 		
0x03FE	0xE1F9      	BNZ         _CC2DL_Loop1
;__Lib_System.c,31 :: 		
L_end___CC2DW:
0x0400	0x0012      	RETURN      0
; end of ___CC2DW
_init_io:
;Alimentation_18F14k22.c,252 :: 		void init_io(){
;Alimentation_18F14k22.c,253 :: 		ANSEL = 0xF0;  // Set RC0,RC1,RC2,RC3 to analog (AN4,AN5,AN6,AN7)
0x0402	0x0EF0      	MOVLW       240
0x0404	0x6E7E      	MOVWF       ANSEL 
;Alimentation_18F14k22.c,255 :: 		CM1CON0 = 0x00; // Not using the comparators
0x0406	0x6A6D      	CLRF        CM1CON0 
;Alimentation_18F14k22.c,256 :: 		CM2CON0 = 0x00;
0x0408	0x6A6B      	CLRF        CM2CON0 
;Alimentation_18F14k22.c,260 :: 		TRISA = 0xFF;
0x040A	0x0EFF      	MOVLW       255
0x040C	0x6E92      	MOVWF       TRISA 
;Alimentation_18F14k22.c,262 :: 		TRISA0_bit = 0; // RA0 en sortie
0x040E	0x9092      	BCF         TRISA0_bit, BitPos(TRISA0_bit+0) 
;Alimentation_18F14k22.c,263 :: 		TRISA2_bit = 1; // RA2 en entrée
0x0410	0x8492      	BSF         TRISA2_bit, BitPos(TRISA2_bit+0) 
;Alimentation_18F14k22.c,264 :: 		TRISA4_bit = 0; // RA4 en sortie
0x0412	0x9892      	BCF         TRISA4_bit, BitPos(TRISA4_bit+0) 
;Alimentation_18F14k22.c,265 :: 		TRISA5_bit = 0; // RA5 en sortie
0x0414	0x9A92      	BCF         TRISA5_bit, BitPos(TRISA5_bit+0) 
;Alimentation_18F14k22.c,267 :: 		TRISA1_bit = 0; // RA1 en sortie
0x0416	0x9292      	BCF         TRISA1_bit, BitPos(TRISA1_bit+0) 
;Alimentation_18F14k22.c,269 :: 		INTCON2.RABPU = 0; // PORTA and PORTB Pull-up Enable bit
0x0418	0x9EF1      	BCF         INTCON2, 7 
;Alimentation_18F14k22.c,270 :: 		WPUA.WPUA2 = 1; // Pull-up enabled sur RA2
0x041A	0x8477      	BSF         WPUA, 2 
;Alimentation_18F14k22.c,272 :: 		TRISB5_bit = 1; // RB5 en entrée
0x041C	0x8A93      	BSF         TRISB5_bit, BitPos(TRISB5_bit+0) 
;Alimentation_18F14k22.c,273 :: 		TRISB7_bit = 0; // RB6 en sortie
0x041E	0x9E93      	BCF         TRISB7_bit, BitPos(TRISB7_bit+0) 
;Alimentation_18F14k22.c,275 :: 		TRISC = 0xFF;
0x0420	0x0EFF      	MOVLW       255
0x0422	0x6E94      	MOVWF       TRISC 
;Alimentation_18F14k22.c,276 :: 		TRISC0_bit = 1; // RC0 en entree voie AN4
0x0424	0x8094      	BSF         TRISC0_bit, BitPos(TRISC0_bit+0) 
;Alimentation_18F14k22.c,277 :: 		TRISC1_bit = 1; // RC1 en entree voie AN5
0x0426	0x8294      	BSF         TRISC1_bit, BitPos(TRISC1_bit+0) 
;Alimentation_18F14k22.c,278 :: 		TRISC2_bit = 1; // RC2 en entree voie AN6
0x0428	0x8494      	BSF         TRISC2_bit, BitPos(TRISC2_bit+0) 
;Alimentation_18F14k22.c,279 :: 		TRISC3_bit = 1; // RC3 en entree voie AN7
0x042A	0x8694      	BSF         TRISC3_bit, BitPos(TRISC3_bit+0) 
;Alimentation_18F14k22.c,280 :: 		}
L_end_init_io:
0x042C	0x0012      	RETURN      0
; end of _init_io
_ADC_Init:
;__Lib_ADC_A_D.c,13 :: 		
;__Lib_ADC_A_D.c,14 :: 		
0x042E	0x0E26      	MOVLW       _ADC_Get_Sample
0x0430	0x0100      	MOVLB       0
0x0432	0x6F61      	MOVWF       _ADC_Get_Sample_Ptr, 1
0x0434	0x0E00      	MOVLW       hi_addr(_ADC_Get_Sample)
0x0436	0x6F62      	MOVWF       _ADC_Get_Sample_Ptr+1, 1
0x0438	0x0E5F      	MOVLW       FARG_ADC_Get_Sample_channel
0x043A	0x6F63      	MOVWF       _ADC_Get_Sample_Ptr+2, 1
0x043C	0x0E00      	MOVLW       hi_addr(FARG_ADC_Get_Sample_channel)
0x043E	0x6F64      	MOVWF       _ADC_Get_Sample_Ptr+3, 1
;__Lib_ADC_A_D.c,16 :: 		
0x0440	0x6AC2      	CLRF        ADCON0 
;__Lib_ADC_A_D.c,17 :: 		
0x0442	0x1C3A      	COMF        _vref_mask, 0 
0x0444	0x6E00      	MOVWF       R0 
0x0446	0x5000      	MOVF        R0, 0 
0x0448	0x16C1      	ANDWF       ADCON1, 1 
;__Lib_ADC_A_D.c,18 :: 		
0x044A	0x0E07      	MOVLW       7
0x044C	0x12C0      	IORWF       ADCON2, 1 
;__Lib_ADC_A_D.c,19 :: 		
0x044E	0x8EC0      	BSF         ADCON2, 7 
;__Lib_ADC_A_D.c,20 :: 		
0x0450	0x80C2      	BSF         ADCON0, 0 
;__Lib_ADC_A_D.c,21 :: 		
L_end_ADC_Init:
0x0452	0x0012      	RETURN      0
; end of _ADC_Init
_init_timer3:
;Alimentation_18F14k22.c,240 :: 		void init_timer3(){
;Alimentation_18F14k22.c,241 :: 		T3CON = 0x30;
0x0454	0x0E30      	MOVLW       48
0x0456	0x6EB1      	MOVWF       T3CON 
;Alimentation_18F14k22.c,242 :: 		TMR3IF_bit = 0;
0x0458	0x92A1      	BCF         TMR3IF_bit, BitPos(TMR3IF_bit+0) 
;Alimentation_18F14k22.c,243 :: 		TMR3H = 0x3C;
0x045A	0x0E3C      	MOVLW       60
0x045C	0x6EB3      	MOVWF       TMR3H 
;Alimentation_18F14k22.c,244 :: 		TMR3L = 0xB0;
0x045E	0x0EB0      	MOVLW       176
0x0460	0x6EB2      	MOVWF       TMR3L 
;Alimentation_18F14k22.c,245 :: 		TMR3IE_bit = 0;
0x0462	0x92A0      	BCF         TMR3IE_bit, BitPos(TMR3IE_bit+0) 
;Alimentation_18F14k22.c,246 :: 		}
L_end_init_timer3:
0x0464	0x0012      	RETURN      0
; end of _init_timer3
_init_timer0:
;Alimentation_18F14k22.c,228 :: 		void init_timer0(){
;Alimentation_18F14k22.c,229 :: 		T0CON = 0x85; // TIMER0 ON (1 s)
0x0466	0x0E85      	MOVLW       133
0x0468	0x6ED5      	MOVWF       T0CON 
;Alimentation_18F14k22.c,230 :: 		TMR0H = 0x0B;
0x046A	0x0E0B      	MOVLW       11
0x046C	0x6ED7      	MOVWF       TMR0H 
;Alimentation_18F14k22.c,231 :: 		TMR0L = 0xDC;
0x046E	0x0EDC      	MOVLW       220
0x0470	0x6ED6      	MOVWF       TMR0L 
;Alimentation_18F14k22.c,232 :: 		TMR0IE_bit = 0;
0x0472	0x9AF2      	BCF         TMR0IE_bit, BitPos(TMR0IE_bit+0) 
;Alimentation_18F14k22.c,233 :: 		}
L_end_init_timer0:
0x0474	0x0012      	RETURN      0
; end of _init_timer0
_interrupt:
;Alimentation_18F14k22.c,422 :: 		void interrupt(){
0x0476	0xF01FC000  	MOVFF       R0, 31
;Alimentation_18F14k22.c,427 :: 		if (TMR0IF_bit){
0x047A	0xA4F2      	BTFSS       TMR0IF_bit, BitPos(TMR0IF_bit+0) 
0x047C	0xD03E      	BRA         L_interrupt72
;Alimentation_18F14k22.c,430 :: 		if(state == SLEEP){
0x047E	0x5032      	MOVF        _state, 0 
0x0480	0x0A03      	XORLW       3
0x0482	0xE112      	BNZ         L_interrupt73
;Alimentation_18F14k22.c,431 :: 		if(time_to_start[2]>0){
0x0484	0x502A      	MOVF        _time_to_start+2, 0 
0x0486	0x0800      	SUBLW       0
0x0488	0xE202      	BC          L_interrupt74
;Alimentation_18F14k22.c,432 :: 		time_to_start[2]--;
0x048A	0x062A      	DECF        _time_to_start+2, 1 
;Alimentation_18F14k22.c,433 :: 		}
0x048C	0xD00D      	BRA         L_interrupt75
L_interrupt74:
;Alimentation_18F14k22.c,435 :: 		if(time_to_start[1]>0){
0x048E	0x5029      	MOVF        _time_to_start+1, 0 
0x0490	0x0800      	SUBLW       0
0x0492	0xE204      	BC          L_interrupt76
;Alimentation_18F14k22.c,436 :: 		time_to_start[1]--;
0x0494	0x0629      	DECF        _time_to_start+1, 1 
;Alimentation_18F14k22.c,437 :: 		time_to_start[2]=59;
0x0496	0x0E3B      	MOVLW       59
0x0498	0x6E2A      	MOVWF       _time_to_start+2 
;Alimentation_18F14k22.c,438 :: 		}
0x049A	0xD006      	BRA         L_interrupt77
L_interrupt76:
;Alimentation_18F14k22.c,440 :: 		if(time_to_start[0]>0){
0x049C	0x5028      	MOVF        _time_to_start, 0 
0x049E	0x0800      	SUBLW       0
0x04A0	0xE203      	BC          L_interrupt78
;Alimentation_18F14k22.c,441 :: 		time_to_start[0]--;
0x04A2	0x0628      	DECF        _time_to_start, 1 
;Alimentation_18F14k22.c,442 :: 		time_to_start[1]=59;
0x04A4	0x0E3B      	MOVLW       59
0x04A6	0x6E29      	MOVWF       _time_to_start+1 
;Alimentation_18F14k22.c,443 :: 		}
L_interrupt78:
;Alimentation_18F14k22.c,444 :: 		}
L_interrupt77:
;Alimentation_18F14k22.c,445 :: 		}
L_interrupt75:
;Alimentation_18F14k22.c,446 :: 		}
L_interrupt73:
;Alimentation_18F14k22.c,448 :: 		if(state == WAIT_TO_SLEEP){
0x04A8	0x5032      	MOVF        _state, 0 
0x04AA	0x0A02      	XORLW       2
0x04AC	0xE104      	BNZ         L_interrupt79
;Alimentation_18F14k22.c,449 :: 		if(time_to_stop>0)
0x04AE	0x502C      	MOVF        _time_to_stop, 0 
0x04B0	0x0800      	SUBLW       0
0x04B2	0xA0D8      	BTFSS       STATUS, 0 
;Alimentation_18F14k22.c,450 :: 		time_to_stop--;
0x04B4	0x062C      	DECF        _time_to_stop, 1 
L_interrupt80:
;Alimentation_18F14k22.c,451 :: 		}
L_interrupt79:
;Alimentation_18F14k22.c,454 :: 		if(state == POWER_ON){
0x04B6	0x5032      	MOVF        _state, 0 
0x04B8	0x0A01      	XORLW       1
0x04BA	0xE119      	BNZ         L_interrupt81
;Alimentation_18F14k22.c,455 :: 		if(watchdog_restart>0)
0x04BC	0x0E00      	MOVLW       0
0x04BE	0x6E00      	MOVWF       R0 
0x04C0	0x5035      	MOVF        _watchdog_restart+1, 0 
0x04C2	0x5C00      	SUBWF       R0, 0 
0x04C4	0xE102      	BNZ         L__interrupt142
0x04C6	0x5034      	MOVF        _watchdog_restart, 0 
0x04C8	0x0800      	SUBLW       0
L__interrupt142:
0x04CA	0xE205      	BC          L_interrupt82
;Alimentation_18F14k22.c,456 :: 		watchdog_restart--;
0x04CC	0x0E01      	MOVLW       1
0x04CE	0x5E34      	SUBWF       _watchdog_restart, 1 
0x04D0	0x0E00      	MOVLW       0
0x04D2	0x5A35      	SUBWFB      _watchdog_restart+1, 1 
0x04D4	0xD00C      	BRA         L_interrupt83
L_interrupt82:
;Alimentation_18F14k22.c,459 :: 		default_time_to_start[0] = 0;
0x04D6	0x6A20      	CLRF        _default_time_to_start 
;Alimentation_18F14k22.c,460 :: 		default_time_to_start[1] = 0;
0x04D8	0x6A21      	CLRF        _default_time_to_start+1 
;Alimentation_18F14k22.c,461 :: 		default_time_to_start[2] = 2; // 2s
0x04DA	0x0E02      	MOVLW       2
0x04DC	0x6E22      	MOVWF       _default_time_to_start+2 
;Alimentation_18F14k22.c,462 :: 		time_to_stop = 10;
0x04DE	0x0E0A      	MOVLW       10
0x04E0	0x6E2C      	MOVWF       _time_to_stop 
;Alimentation_18F14k22.c,464 :: 		state = WAIT_TO_SLEEP;
0x04E2	0x0E02      	MOVLW       2
0x04E4	0x6E32      	MOVWF       _state 
;Alimentation_18F14k22.c,465 :: 		watchdog_restart = watchdog_restart_default;
0x04E6	0xF034C036  	MOVFF       _watchdog_restart_default, _watchdog_restart
0x04EA	0xF035C037  	MOVFF       _watchdog_restart_default+1, _watchdog_restart+1
;Alimentation_18F14k22.c,466 :: 		}
L_interrupt83:
;Alimentation_18F14k22.c,467 :: 		}
L_interrupt81:
;Alimentation_18F14k22.c,470 :: 		TMR0H = 0x0B;
0x04EE	0x0E0B      	MOVLW       11
0x04F0	0x6ED7      	MOVWF       TMR0H 
;Alimentation_18F14k22.c,471 :: 		TMR0L = 0xDC;
0x04F2	0x0EDC      	MOVLW       220
0x04F4	0x6ED6      	MOVWF       TMR0L 
;Alimentation_18F14k22.c,472 :: 		TMR0IF_bit = 0;
0x04F6	0x94F2      	BCF         TMR0IF_bit, BitPos(TMR0IF_bit+0) 
;Alimentation_18F14k22.c,473 :: 		}
0x04F8	0xD023      	BRA         L_interrupt84
L_interrupt72:
;Alimentation_18F14k22.c,476 :: 		else if (TMR3IF_bit){
0x04FA	0xA2A1      	BTFSS       TMR3IF_bit, BitPos(TMR3IF_bit+0) 
0x04FC	0xD021      	BRA         L_interrupt85
;Alimentation_18F14k22.c,478 :: 		if(start_led_puissance == 1){
0x04FE	0x502F      	MOVF        _start_led_puissance, 0 
0x0500	0x0A01      	XORLW       1
0x0502	0xE10A      	BNZ         L_interrupt86
;Alimentation_18F14k22.c,479 :: 		if (cpt_led_puissance > 0){
0x0504	0x503D      	MOVF        _cpt_led_puissance, 0 
0x0506	0x0800      	SUBLW       0
0x0508	0xE203      	BC          L_interrupt87
;Alimentation_18F14k22.c,480 :: 		LED_PUISSANCE = 0;
0x050A	0x9889      	BCF         LATA, 4 
;Alimentation_18F14k22.c,481 :: 		cpt_led_puissance--;
0x050C	0x063D      	DECF        _cpt_led_puissance, 1 
;Alimentation_18F14k22.c,482 :: 		}
0x050E	0xD003      	BRA         L_interrupt88
L_interrupt87:
;Alimentation_18F14k22.c,484 :: 		LED_PUISSANCE = 1;
0x0510	0x8889      	BSF         LATA, 4 
;Alimentation_18F14k22.c,485 :: 		cpt_led_puissance=led_puissance_delay;
0x0512	0xF03DC02E  	MOVFF       _led_puissance_delay, _cpt_led_puissance
;Alimentation_18F14k22.c,486 :: 		}
L_interrupt88:
;Alimentation_18F14k22.c,487 :: 		}
0x0516	0xD001      	BRA         L_interrupt89
L_interrupt86:
;Alimentation_18F14k22.c,489 :: 		LED_PUISSANCE = 0;
0x0518	0x9889      	BCF         LATA, 4 
;Alimentation_18F14k22.c,490 :: 		}
L_interrupt89:
;Alimentation_18F14k22.c,493 :: 		if(set_led_on == 1) // For ILS
0x051A	0x5024      	MOVF        _set_led_on, 0 
0x051C	0x0A01      	XORLW       1
0x051E	0xE102      	BNZ         L_interrupt90
;Alimentation_18F14k22.c,494 :: 		LED = 1;
0x0520	0x8089      	BSF         LATA, 0 
0x0522	0xD009      	BRA         L_interrupt91
L_interrupt90:
;Alimentation_18F14k22.c,496 :: 		if (cpt_led > 0){
0x0524	0x5038      	MOVF        _cpt_led, 0 
0x0526	0x0800      	SUBLW       0
0x0528	0xE203      	BC          L_interrupt92
;Alimentation_18F14k22.c,497 :: 		LED = 0;
0x052A	0x9089      	BCF         LATA, 0 
;Alimentation_18F14k22.c,498 :: 		cpt_led--;
0x052C	0x0638      	DECF        _cpt_led, 1 
;Alimentation_18F14k22.c,499 :: 		}
0x052E	0xD003      	BRA         L_interrupt93
L_interrupt92:
;Alimentation_18F14k22.c,501 :: 		LED = 1;
0x0530	0x8089      	BSF         LATA, 0 
;Alimentation_18F14k22.c,502 :: 		cpt_led=led_delay;
0x0532	0xF038C039  	MOVFF       _led_delay, _cpt_led
;Alimentation_18F14k22.c,503 :: 		}
L_interrupt93:
;Alimentation_18F14k22.c,504 :: 		}
L_interrupt91:
;Alimentation_18F14k22.c,506 :: 		TMR3H = 0x3C;
0x0536	0x0E3C      	MOVLW       60
0x0538	0x6EB3      	MOVWF       TMR3H 
;Alimentation_18F14k22.c,507 :: 		TMR3L = 0xB0;
0x053A	0x0EB0      	MOVLW       176
0x053C	0x6EB2      	MOVWF       TMR3L 
;Alimentation_18F14k22.c,508 :: 		TMR3IF_bit = 0;
0x053E	0x92A1      	BCF         TMR3IF_bit, BitPos(TMR3IF_bit+0) 
;Alimentation_18F14k22.c,509 :: 		}
L_interrupt85:
L_interrupt84:
;Alimentation_18F14k22.c,510 :: 		}
L_end_interrupt:
L__interrupt141:
0x0540	0xF000C01F  	MOVFF       31, R0
0x0544	0x0011      	RETFIE      1
; end of _interrupt
_main:
0x0546	0xF003ECD2  	CALL        1956, 0
;Alimentation_18F14k22.c,286 :: 		void main(){
;Alimentation_18F14k22.c,288 :: 		OSCCON = 0b01110010;   // 0=4xPLL OFF, 111=IRCF<2:0>=16Mhz  OSTS=0  SCS<1:0>10 1x = Internal oscillator block
0x054A	0x0E72      	MOVLW       114
0x054C	0x6ED3      	MOVWF       OSCCON 
;Alimentation_18F14k22.c,290 :: 		init_io(); // Initialisation des I/O
0x054E	0xDF59      	RCALL       _init_io
;Alimentation_18F14k22.c,291 :: 		init_i2c(); // Initialisation de l'I2C en esclave
0x0550	0xDF38      	RCALL       _init_i2c
;Alimentation_18F14k22.c,292 :: 		init_timer0(); // Initialisation du TIMER0 toutes les 1 secondes
0x0552	0xDF89      	RCALL       _init_timer0
;Alimentation_18F14k22.c,293 :: 		init_timer3(); // Initialisation du TIMER3 toutes les 100ms
0x0554	0xDF7F      	RCALL       _init_timer3
;Alimentation_18F14k22.c,295 :: 		ADC_Init();
0x0556	0xDF6B      	RCALL       _ADC_Init
;Alimentation_18F14k22.c,297 :: 		LED = 0; // sortie LED
0x0558	0x9089      	BCF         LATA, 0 
;Alimentation_18F14k22.c,298 :: 		LED1 = 0;
0x055A	0x9289      	BCF         LATA, 1 
;Alimentation_18F14k22.c,299 :: 		LED_PUISSANCE = 0; // sortie LED de puissance
0x055C	0x9889      	BCF         LATA, 4 
;Alimentation_18F14k22.c,300 :: 		ALIM = 0; // sortie MOSFET de puissance, commande de l'alimentation
0x055E	0x9A89      	BCF         LATA, 5 
;Alimentation_18F14k22.c,301 :: 		battery_global_default = 0;
0x0560	0x6A30      	CLRF        _battery_global_default 
;Alimentation_18F14k22.c,303 :: 		UART1_Init(115200);
0x0562	0x86B8      	BSF         BAUDCON, 3, 0
0x0564	0x6AB0      	CLRF        SPBRGH 
0x0566	0x0E22      	MOVLW       34
0x0568	0x6EAF      	MOVWF       SPBRG 
0x056A	0x84AC      	BSF         TXSTA, 2, 0
0x056C	0xDD90      	RCALL       _UART1_Init
;Alimentation_18F14k22.c,305 :: 		delay_ms(1000);
0x056E	0x0E15      	MOVLW       21
0x0570	0x6E0B      	MOVWF       R11, 0
0x0572	0x0E4B      	MOVLW       75
0x0574	0x6E0C      	MOVWF       R12, 0
0x0576	0x0EBE      	MOVLW       190
0x0578	0x6E0D      	MOVWF       R13, 0
L_main36:
0x057A	0x2E0D      	DECFSZ      R13, 1, 0
0x057C	0xD7FE      	BRA         L_main36
0x057E	0x2E0C      	DECFSZ      R12, 1, 0
0x0580	0xD7FC      	BRA         L_main36
0x0582	0x2E0B      	DECFSZ      R11, 1, 0
0x0584	0xD7FA      	BRA         L_main36
0x0586	0x0000      	NOP
;Alimentation_18F14k22.c,307 :: 		INTCON3.INT1IP = 0; //INT1 External Interrupt Priority bit, INT0 always a high
0x0588	0x9CF0      	BCF         INTCON3, 6 
;Alimentation_18F14k22.c,310 :: 		RCON.IPEN = 1;  //Enable priority levels on interrupts
0x058A	0x8ED0      	BSF         RCON, 7 
;Alimentation_18F14k22.c,311 :: 		IPR1.SSPIP = 0; //Master Synchronous Serial Port Interrupt Priority bit (low priority = 0)
0x058C	0x969F      	BCF         IPR1, 3 
;Alimentation_18F14k22.c,312 :: 		INTCON.GIEH = 1; //enable all high-priority interrupts
0x058E	0x8EF2      	BSF         INTCON, 7 
;Alimentation_18F14k22.c,313 :: 		INTCON.GIEL = 1; //enable all low-priority interrupts
0x0590	0x8CF2      	BSF         INTCON, 6 
;Alimentation_18F14k22.c,315 :: 		INTCON.GIE = 1; // Global Interrupt Enable bit
0x0592	0x8EF2      	BSF         INTCON, 7 
;Alimentation_18F14k22.c,316 :: 		INTCON.PEIE = 1; // Peripheral Interrupt Enable bit
0x0594	0x8CF2      	BSF         INTCON, 6 
;Alimentation_18F14k22.c,318 :: 		TMR0IE_bit = 1;  //Enable TIMER0
0x0596	0x8AF2      	BSF         TMR0IE_bit, BitPos(TMR0IE_bit+0) 
;Alimentation_18F14k22.c,319 :: 		TMR0ON_bit = 1; // Start TIMER1
0x0598	0x8ED5      	BSF         TMR0ON_bit, BitPos(TMR0ON_bit+0) 
;Alimentation_18F14k22.c,321 :: 		TMR3IE_bit = 1;  //Enable TIMER3
0x059A	0x82A0      	BSF         TMR3IE_bit, BitPos(TMR3IE_bit+0) 
;Alimentation_18F14k22.c,322 :: 		TMR3ON_bit = 1; // Start TIMER3
0x059C	0x80B1      	BSF         TMR3ON_bit, BitPos(TMR3ON_bit+0) 
;Alimentation_18F14k22.c,324 :: 		while(1){
L_main37:
;Alimentation_18F14k22.c,325 :: 		read_batteries_voltage();
0x059E	0xDD5A      	RCALL       _read_batteries_voltage
;Alimentation_18F14k22.c,326 :: 		analyze_batteries_voltage();
0x05A0	0xDDA1      	RCALL       _analyze_batteries_voltage
;Alimentation_18F14k22.c,330 :: 		switch (state){
0x05A2	0xD071      	BRA         L_main39
;Alimentation_18F14k22.c,331 :: 		case IDLE: // Idle state
L_main41:
;Alimentation_18F14k22.c,332 :: 		ALIM = 0;
0x05A4	0x9A89      	BCF         LATA, 5 
;Alimentation_18F14k22.c,333 :: 		led_delay = 50;
0x05A6	0x0E32      	MOVLW       50
0x05A8	0x6E39      	MOVWF       _led_delay 
;Alimentation_18F14k22.c,334 :: 		start_led_puissance = 0;
0x05AA	0x6A2F      	CLRF        _start_led_puissance 
;Alimentation_18F14k22.c,336 :: 		if(ILS==0){ // Magnet detected
0x05AC	0xB480      	BTFSC       PORTA, 2 
0x05AE	0xD004      	BRA         L_main42
;Alimentation_18F14k22.c,337 :: 		ils_cpt--;
0x05B0	0x0633      	DECF        _ils_cpt, 1 
;Alimentation_18F14k22.c,338 :: 		set_led_on = 1;
0x05B2	0x0E01      	MOVLW       1
0x05B4	0x6E24      	MOVWF       _set_led_on 
;Alimentation_18F14k22.c,339 :: 		}
0x05B6	0xD005      	BRA         L_main43
L_main42:
;Alimentation_18F14k22.c,341 :: 		ils_cpt = ILS_CPT_TIME;
0x05B8	0x0E04      	MOVLW       4
0x05BA	0x6E33      	MOVWF       _ils_cpt 
;Alimentation_18F14k22.c,342 :: 		set_led_on = 0;
0x05BC	0x6A24      	CLRF        _set_led_on 
;Alimentation_18F14k22.c,343 :: 		ils_removed = 1;
0x05BE	0x0E01      	MOVLW       1
0x05C0	0x6E23      	MOVWF       _ils_removed 
;Alimentation_18F14k22.c,344 :: 		}
L_main43:
;Alimentation_18F14k22.c,346 :: 		if(ils_removed == 1 && ils_cpt == 0){
0x05C2	0x5023      	MOVF        _ils_removed, 0 
0x05C4	0x0A01      	XORLW       1
0x05C6	0xE109      	BNZ         L_main46
0x05C8	0x5033      	MOVF        _ils_cpt, 0 
0x05CA	0x0A00      	XORLW       0
0x05CC	0xE106      	BNZ         L_main46
L__main109:
;Alimentation_18F14k22.c,347 :: 		ils_cpt = ILS_CPT_TIME;
0x05CE	0x0E04      	MOVLW       4
0x05D0	0x6E33      	MOVWF       _ils_cpt 
;Alimentation_18F14k22.c,348 :: 		state = POWER_ON;
0x05D2	0x0E01      	MOVLW       1
0x05D4	0x6E32      	MOVWF       _state 
;Alimentation_18F14k22.c,349 :: 		ils_removed = 0;
0x05D6	0x6A23      	CLRF        _ils_removed 
;Alimentation_18F14k22.c,350 :: 		set_led_on = 0;
0x05D8	0x6A24      	CLRF        _set_led_on 
;Alimentation_18F14k22.c,351 :: 		}
L_main46:
;Alimentation_18F14k22.c,352 :: 		break;
0x05DA	0xD062      	BRA         L_main40
;Alimentation_18F14k22.c,354 :: 		case POWER_ON:
L_main47:
;Alimentation_18F14k22.c,355 :: 		ALIM = 1;
0x05DC	0x8A89      	BSF         LATA, 5 
;Alimentation_18F14k22.c,356 :: 		if(battery_global_default == 1)
0x05DE	0x5030      	MOVF        _battery_global_default, 0 
0x05E0	0x0A01      	XORLW       1
0x05E2	0xE103      	BNZ         L_main48
;Alimentation_18F14k22.c,357 :: 		led_delay = 5; // 0.5 sec
0x05E4	0x0E05      	MOVLW       5
0x05E6	0x6E39      	MOVWF       _led_delay 
0x05E8	0xD002      	BRA         L_main49
L_main48:
;Alimentation_18F14k22.c,359 :: 		led_delay = 20; // 5 sec
0x05EA	0x0E14      	MOVLW       20
0x05EC	0x6E39      	MOVWF       _led_delay 
L_main49:
;Alimentation_18F14k22.c,361 :: 		if(ILS==0){ // Magnet detected
0x05EE	0xB480      	BTFSC       PORTA, 2 
0x05F0	0xD004      	BRA         L_main50
;Alimentation_18F14k22.c,362 :: 		ils_cpt--;
0x05F2	0x0633      	DECF        _ils_cpt, 1 
;Alimentation_18F14k22.c,363 :: 		set_led_on = 1;
0x05F4	0x0E01      	MOVLW       1
0x05F6	0x6E24      	MOVWF       _set_led_on 
;Alimentation_18F14k22.c,364 :: 		}
0x05F8	0xD005      	BRA         L_main51
L_main50:
;Alimentation_18F14k22.c,366 :: 		ils_cpt = ILS_CPT_TIME;
0x05FA	0x0E04      	MOVLW       4
0x05FC	0x6E33      	MOVWF       _ils_cpt 
;Alimentation_18F14k22.c,367 :: 		set_led_on = 0;
0x05FE	0x6A24      	CLRF        _set_led_on 
;Alimentation_18F14k22.c,368 :: 		ils_removed = 1;
0x0600	0x0E01      	MOVLW       1
0x0602	0x6E23      	MOVWF       _ils_removed 
;Alimentation_18F14k22.c,369 :: 		}
L_main51:
;Alimentation_18F14k22.c,371 :: 		if(ils_removed == 1 && ils_cpt == 0){
0x0604	0x5023      	MOVF        _ils_removed, 0 
0x0606	0x0A01      	XORLW       1
0x0608	0xE108      	BNZ         L_main54
0x060A	0x5033      	MOVF        _ils_cpt, 0 
0x060C	0x0A00      	XORLW       0
0x060E	0xE105      	BNZ         L_main54
L__main108:
;Alimentation_18F14k22.c,372 :: 		ils_cpt = ILS_CPT_TIME;
0x0610	0x0E04      	MOVLW       4
0x0612	0x6E33      	MOVWF       _ils_cpt 
;Alimentation_18F14k22.c,373 :: 		state = IDLE;
0x0614	0x6A32      	CLRF        _state 
;Alimentation_18F14k22.c,374 :: 		ils_removed = 0;
0x0616	0x6A23      	CLRF        _ils_removed 
;Alimentation_18F14k22.c,375 :: 		set_led_on = 0;
0x0618	0x6A24      	CLRF        _set_led_on 
;Alimentation_18F14k22.c,376 :: 		}
L_main54:
;Alimentation_18F14k22.c,378 :: 		break;
0x061A	0xD042      	BRA         L_main40
;Alimentation_18F14k22.c,380 :: 		case WAIT_TO_SLEEP:
L_main55:
;Alimentation_18F14k22.c,382 :: 		ALIM = 1;
0x061C	0x8A89      	BSF         LATA, 5 
;Alimentation_18F14k22.c,383 :: 		led_delay = 1;
0x061E	0x0E01      	MOVLW       1
0x0620	0x6E39      	MOVWF       _led_delay 
;Alimentation_18F14k22.c,384 :: 		if(time_to_stop==0){
0x0622	0x502C      	MOVF        _time_to_stop, 0 
0x0624	0x0A00      	XORLW       0
0x0626	0xE11C      	BNZ         L_main56
;Alimentation_18F14k22.c,385 :: 		for(k=0; k<3; k++)
0x0628	0x6A25      	CLRF        _k 
L_main57:
0x062A	0x0E03      	MOVLW       3
0x062C	0x5C25      	SUBWF       _k, 0 
0x062E	0xE214      	BC          L_main58
;Alimentation_18F14k22.c,386 :: 		time_to_start[k] = default_time_to_start[k];
0x0630	0x0E28      	MOVLW       _time_to_start
0x0632	0x6EE1      	MOVWF       FSR1L 
0x0634	0x0E00      	MOVLW       hi_addr(_time_to_start)
0x0636	0x6EE2      	MOVWF       FSR1H 
0x0638	0x5025      	MOVF        _k, 0 
0x063A	0x26E1      	ADDWF       FSR1L, 1 
0x063C	0xB0D8      	BTFSC       STATUS, 0 
0x063E	0x2AE2      	INCF        FSR1H, 1 
0x0640	0x0E20      	MOVLW       _default_time_to_start
0x0642	0x6EE9      	MOVWF       FSR0L 
0x0644	0x0E00      	MOVLW       hi_addr(_default_time_to_start)
0x0646	0x6EEA      	MOVWF       FSR0H 
0x0648	0x5025      	MOVF        _k, 0 
0x064A	0x26E9      	ADDWF       FSR0L, 1 
0x064C	0xB0D8      	BTFSC       STATUS, 0 
0x064E	0x2AEA      	INCF        FSR0H, 1 
0x0650	0xFFE6CFEE  	MOVFF       POSTINC0, POSTINC1
;Alimentation_18F14k22.c,385 :: 		for(k=0; k<3; k++)
0x0654	0x2A25      	INCF        _k, 1 
;Alimentation_18F14k22.c,386 :: 		time_to_start[k] = default_time_to_start[k];
0x0656	0xD7E9      	BRA         L_main57
L_main58:
;Alimentation_18F14k22.c,387 :: 		state = SLEEP;
0x0658	0x0E03      	MOVLW       3
0x065A	0x6E32      	MOVWF       _state 
;Alimentation_18F14k22.c,388 :: 		time_to_stop = default_time_to_stop;
0x065C	0xF02CC02B  	MOVFF       _default_time_to_stop, _time_to_stop
;Alimentation_18F14k22.c,389 :: 		}
L_main56:
;Alimentation_18F14k22.c,390 :: 		break;
0x0660	0xD01F      	BRA         L_main40
;Alimentation_18F14k22.c,392 :: 		case SLEEP:
L_main60:
;Alimentation_18F14k22.c,393 :: 		ALIM = 0;
0x0662	0x9A89      	BCF         LATA, 5 
;Alimentation_18F14k22.c,394 :: 		led_delay = 600;
0x0664	0x0E58      	MOVLW       88
0x0666	0x6E39      	MOVWF       _led_delay 
;Alimentation_18F14k22.c,395 :: 		if(time_to_start[0] == 0 && time_to_start[1] == 0 && time_to_start[2] == 0){
0x0668	0x5028      	MOVF        _time_to_start, 0 
0x066A	0x0A00      	XORLW       0
0x066C	0xE108      	BNZ         L_main63
0x066E	0x5029      	MOVF        _time_to_start+1, 0 
0x0670	0x0A00      	XORLW       0
0x0672	0xE105      	BNZ         L_main63
0x0674	0x502A      	MOVF        _time_to_start+2, 0 
0x0676	0x0A00      	XORLW       0
0x0678	0xE102      	BNZ         L_main63
L__main107:
;Alimentation_18F14k22.c,396 :: 		state = POWER_ON;
0x067A	0x0E01      	MOVLW       1
0x067C	0x6E32      	MOVWF       _state 
;Alimentation_18F14k22.c,397 :: 		}
L_main63:
;Alimentation_18F14k22.c,398 :: 		break;
0x067E	0xD010      	BRA         L_main40
;Alimentation_18F14k22.c,400 :: 		default:
L_main64:
;Alimentation_18F14k22.c,401 :: 		state = POWER_ON;
0x0680	0x0E01      	MOVLW       1
0x0682	0x6E32      	MOVWF       _state 
;Alimentation_18F14k22.c,402 :: 		break;
0x0684	0xD00D      	BRA         L_main40
;Alimentation_18F14k22.c,403 :: 		}
L_main39:
0x0686	0x5032      	MOVF        _state, 0 
0x0688	0x0A00      	XORLW       0
0x068A	0xE08C      	BZ          L_main41
0x068C	0x5032      	MOVF        _state, 0 
0x068E	0x0A01      	XORLW       1
0x0690	0xE0A5      	BZ          L_main47
0x0692	0x5032      	MOVF        _state, 0 
0x0694	0x0A02      	XORLW       2
0x0696	0xE0C2      	BZ          L_main55
0x0698	0x5032      	MOVF        _state, 0 
0x069A	0x0A03      	XORLW       3
0x069C	0xE0E2      	BZ          L_main60
0x069E	0xD7F0      	BRA         L_main64
L_main40:
;Alimentation_18F14k22.c,405 :: 		for(cpt_wait=0; cpt_wait<WAIT_LOOP; cpt_wait++){
0x06A0	0x6A26      	CLRF        _cpt_wait 
0x06A2	0x6A27      	CLRF        _cpt_wait+1 
L_main65:
0x06A4	0x0E27      	MOVLW       39
0x06A6	0x5C27      	SUBWF       _cpt_wait+1, 0 
0x06A8	0xE102      	BNZ         L__main139
0x06AA	0x0E10      	MOVLW       16
0x06AC	0x5C26      	SUBWF       _cpt_wait, 0 
L__main139:
0x06AE	0xE20F      	BC          L_main66
;Alimentation_18F14k22.c,406 :: 		delay_us(50);
0x06B0	0x0E42      	MOVLW       66
0x06B2	0x6E0D      	MOVWF       R13, 0
L_main68:
0x06B4	0x2E0D      	DECFSZ      R13, 1, 0
0x06B6	0xD7FE      	BRA         L_main68
0x06B8	0x0000      	NOP
;Alimentation_18F14k22.c,408 :: 		if(nb_rx_octet>1 && SSPSTAT.P == 1){
0x06BA	0x5031      	MOVF        _nb_rx_octet, 0 
0x06BC	0x0801      	SUBLW       1
0x06BE	0xE204      	BC          L_main71
0x06C0	0xA8C7      	BTFSS       SSPSTAT, 4 
0x06C2	0xD002      	BRA         L_main71
L__main106:
;Alimentation_18F14k22.c,409 :: 		i2c_read_data_from_buffer();
0x06C4	0xDDB0      	RCALL       _i2c_read_data_from_buffer
;Alimentation_18F14k22.c,410 :: 		nb_rx_octet = 0;
0x06C6	0x6A31      	CLRF        _nb_rx_octet 
;Alimentation_18F14k22.c,411 :: 		}
L_main71:
;Alimentation_18F14k22.c,405 :: 		for(cpt_wait=0; cpt_wait<WAIT_LOOP; cpt_wait++){
0x06C8	0x4A26      	INFSNZ      _cpt_wait, 1 
0x06CA	0x2A27      	INCF        _cpt_wait+1, 1 
;Alimentation_18F14k22.c,412 :: 		}
0x06CC	0xD7EB      	BRA         L_main65
L_main66:
;Alimentation_18F14k22.c,413 :: 		}
0x06CE	0xD767      	BRA         L_main37
;Alimentation_18F14k22.c,414 :: 		}
L_end_main:
0x06D0	0xD7FF      	BRA         $+0
; end of _main
_interrupt_low:
0x06D2	0xF01CC000  	MOVFF       R0, 28
0x06D6	0xF01BC001  	MOVFF       R1, 27
0x06DA	0xF01AC002  	MOVFF       R2, 26
0x06DE	0xF019C003  	MOVFF       R3, 25
0x06E2	0xF018C004  	MOVFF       R4, 24
0x06E6	0xF01DCFE1  	MOVFF       FSR1L, 29
0x06EA	0xF01ECFE2  	MOVFF       FSR1H, 30
0x06EE	0x6E15      	MOVWF       ___Low_saveWREG 
0x06F0	0xF016CFD8  	MOVFF       STATUS, ___Low_saveSTATUS
0x06F4	0xF017CFE0  	MOVFF       BSR, ___Low_saveBSR
;Alimentation_18F14k22.c,560 :: 		void interrupt_low(){
;Alimentation_18F14k22.c,561 :: 		if (PIR1.SSPIF){  // I2C Interrupt
0x06F8	0xA69E      	BTFSS       PIR1, 3 
0x06FA	0xD030      	BRA         L_interrupt_low94
;Alimentation_18F14k22.c,563 :: 		if(SSPCON1.SSPOV || SSPCON1.WCOL){
0x06FC	0xBCC6      	BTFSC       SSPCON1, 6 
0x06FE	0xD003      	BRA         L__interrupt_low110
0x0700	0xBEC6      	BTFSC       SSPCON1, 7 
0x0702	0xD001      	BRA         L__interrupt_low110
0x0704	0xD004      	BRA         L_interrupt_low97
L__interrupt_low110:
;Alimentation_18F14k22.c,564 :: 		SSPCON1.SSPOV = 0;
0x0706	0x9CC6      	BCF         SSPCON1, 6 
;Alimentation_18F14k22.c,565 :: 		SSPCON1.WCOL = 0;
0x0708	0x9EC6      	BCF         SSPCON1, 7 
;Alimentation_18F14k22.c,566 :: 		tmp_rx = SSPBUF;
0x070A	0xF03BCFC9  	MOVFF       SSPBUF, _tmp_rx
;Alimentation_18F14k22.c,567 :: 		}
L_interrupt_low97:
;Alimentation_18F14k22.c,571 :: 		if (SSPSTAT.R_W == 0){
0x070E	0xB4C7      	BTFSC       SSPSTAT, 2 
0x0710	0xD01A      	BRA         L_interrupt_low98
;Alimentation_18F14k22.c,572 :: 		if(SSPSTAT.P == 0){
0x0712	0xB8C7      	BTFSC       SSPSTAT, 4 
0x0714	0xD017      	BRA         L_interrupt_low99
;Alimentation_18F14k22.c,573 :: 		if (SSPSTAT.D_A == 0){ // Address
0x0716	0xBAC7      	BTFSC       SSPSTAT, 5 
0x0718	0xD004      	BRA         L_interrupt_low100
;Alimentation_18F14k22.c,574 :: 		nb_rx_octet = 0;
0x071A	0x6A31      	CLRF        _nb_rx_octet 
;Alimentation_18F14k22.c,575 :: 		tmp_rx = SSPBUF;
0x071C	0xF03BCFC9  	MOVFF       SSPBUF, _tmp_rx
;Alimentation_18F14k22.c,576 :: 		}
0x0720	0xD011      	BRA         L_interrupt_low101
L_interrupt_low100:
;Alimentation_18F14k22.c,578 :: 		if(nb_rx_octet < SIZE_RX_BUFFER){
0x0722	0x0E08      	MOVLW       8
0x0724	0x5C31      	SUBWF       _nb_rx_octet, 0 
0x0726	0xE20C      	BC          L_interrupt_low102
;Alimentation_18F14k22.c,579 :: 		rxbuffer_tab[nb_rx_octet] = SSPBUF;
0x0728	0x0E46      	MOVLW       _rxbuffer_tab
0x072A	0x6EE1      	MOVWF       FSR1L 
0x072C	0x0E00      	MOVLW       hi_addr(_rxbuffer_tab)
0x072E	0x6EE2      	MOVWF       FSR1H 
0x0730	0x5031      	MOVF        _nb_rx_octet, 0 
0x0732	0x26E1      	ADDWF       FSR1L, 1 
0x0734	0xB0D8      	BTFSC       STATUS, 0 
0x0736	0x2AE2      	INCF        FSR1H, 1 
0x0738	0xFFE6CFC9  	MOVFF       SSPBUF, POSTINC1
;Alimentation_18F14k22.c,580 :: 		nb_rx_octet++;
0x073C	0x2A31      	INCF        _nb_rx_octet, 1 
;Alimentation_18F14k22.c,581 :: 		}
0x073E	0xD002      	BRA         L_interrupt_low103
L_interrupt_low102:
;Alimentation_18F14k22.c,583 :: 		tmp_rx = SSPBUF;
0x0740	0xF03BCFC9  	MOVFF       SSPBUF, _tmp_rx
;Alimentation_18F14k22.c,584 :: 		}
L_interrupt_low103:
;Alimentation_18F14k22.c,585 :: 		}
L_interrupt_low101:
;Alimentation_18F14k22.c,586 :: 		}
L_interrupt_low99:
;Alimentation_18F14k22.c,595 :: 		}
0x0744	0xD009      	BRA         L_interrupt_low104
L_interrupt_low98:
;Alimentation_18F14k22.c,599 :: 		if(SSPSTAT.D_A == 0){
0x0746	0xBAC7      	BTFSC       SSPSTAT, 5 
0x0748	0xD003      	BRA         L_interrupt_low105
;Alimentation_18F14k22.c,600 :: 		nb_tx_octet = 0;
0x074A	0x6A3C      	CLRF        _nb_tx_octet 
;Alimentation_18F14k22.c,601 :: 		tmp_rx = SSPBUF;
0x074C	0xF03BCFC9  	MOVFF       SSPBUF, _tmp_rx
;Alimentation_18F14k22.c,602 :: 		}
L_interrupt_low105:
;Alimentation_18F14k22.c,605 :: 		i2c_write_data_to_buffer(nb_tx_octet);
0x0750	0xF060C03C  	MOVFF       _nb_tx_octet, FARG_i2c_write_data_to_buffer_nb_tx_octet
0x0754	0xDCE9      	RCALL       _i2c_write_data_to_buffer
;Alimentation_18F14k22.c,606 :: 		nb_tx_octet++;
0x0756	0x2A3C      	INCF        _nb_tx_octet, 1 
;Alimentation_18F14k22.c,607 :: 		}
L_interrupt_low104:
;Alimentation_18F14k22.c,609 :: 		SSPCON1.CKP = 1;
0x0758	0x88C6      	BSF         SSPCON1, 4 
;Alimentation_18F14k22.c,610 :: 		PIR1.SSPIF = 0; // reset SSP interrupt flag
0x075A	0x969E      	BCF         PIR1, 3 
;Alimentation_18F14k22.c,611 :: 		}
L_interrupt_low94:
;Alimentation_18F14k22.c,612 :: 		}
L_end_interrupt_low:
L__interrupt_low145:
0x075C	0x5017      	MOVF        ___Low_saveBSR, 0 
0x075E	0x6EE0      	MOVWF       BSR 
0x0760	0x5016      	MOVF        ___Low_saveSTATUS, 0 
0x0762	0x6ED8      	MOVWF       STATUS 
0x0764	0x3A15      	SWAPF       ___Low_saveWREG, 1 
0x0766	0x3815      	SWAPF       ___Low_saveWREG, 0 
0x0768	0xF000C01C  	MOVFF       28, R0
0x076C	0xF001C01B  	MOVFF       27, R1
0x0770	0xF002C01A  	MOVFF       26, R2
0x0774	0xF003C019  	MOVFF       25, R3
0x0778	0xF004C018  	MOVFF       24, R4
0x077C	0xFFE1C01D  	MOVFF       29, FSR1L
0x0780	0xFFE2C01E  	MOVFF       30, FSR1H
0x0784	0x0010      	RETFIE      0
; end of _interrupt_low
0x07A4	0xF020EE10  	LFSR        1, 32
0x07A8	0x0E1E      	MOVLW       30
0x07AA	0x6E00      	MOVWF       R0 
0x07AC	0x0E01      	MOVLW       1
0x07AE	0x6E01      	MOVWF       R1 
0x07B0	0x0E86      	MOVLW       134
0x07B2	0x6EF6      	MOVWF       4086 
0x07B4	0x0E07      	MOVLW       7
0x07B6	0x6EF7      	MOVWF       TBLPTRH 
0x07B8	0x0E00      	MOVLW       0
0x07BA	0x6EF8      	MOVWF       TBLPTRU 
0x07BC	0xF001ECF9  	CALL        1010, 0
0x07C0	0x0012      	RETURN      0
;Alimentation_18F14k22.c,0 :: ?ICS_default_time_to_start
0x0786	0x0000 ;?ICS_default_time_to_start+0
0x0788	0x05 ;?ICS_default_time_to_start+2
; end of ?ICS_default_time_to_start
;Alimentation_18F14k22.c,0 :: ?ICS_ils_removed
0x0789	0x01 ;?ICS_ils_removed+0
; end of ?ICS_ils_removed
;Alimentation_18F14k22.c,0 :: ?ICS_set_led_on
0x078A	0x00 ;?ICS_set_led_on+0
; end of ?ICS_set_led_on
;Alimentation_18F14k22.c,0 :: ?ICS_k
0x078B	0x00 ;?ICS_k+0
; end of ?ICS_k
;Alimentation_18F14k22.c,0 :: ?ICS_cpt_wait
0x078C	0x0000 ;?ICS_cpt_wait+0
; end of ?ICS_cpt_wait
;Alimentation_18F14k22.c,0 :: ?ICS_time_to_start
0x078E	0x0000 ;?ICS_time_to_start+0
0x0790	0x05 ;?ICS_time_to_start+2
; end of ?ICS_time_to_start
;Alimentation_18F14k22.c,0 :: ?ICS_default_time_to_stop
0x0791	0x3C ;?ICS_default_time_to_stop+0
; end of ?ICS_default_time_to_stop
;Alimentation_18F14k22.c,0 :: ?ICS_time_to_stop
0x0792	0x3C ;?ICS_time_to_stop+0
; end of ?ICS_time_to_stop
;Alimentation_18F14k22.c,0 :: ?ICS_start_time_to_stop
0x0793	0x00 ;?ICS_start_time_to_stop+0
; end of ?ICS_start_time_to_stop
;Alimentation_18F14k22.c,0 :: ?ICS_led_puissance_delay
0x0794	0x14 ;?ICS_led_puissance_delay+0
; end of ?ICS_led_puissance_delay
;Alimentation_18F14k22.c,0 :: ?ICS_start_led_puissance
0x0795	0x00 ;?ICS_start_led_puissance+0
; end of ?ICS_start_led_puissance
;Alimentation_18F14k22.c,0 :: ?ICS_battery_global_default
0x0796	0x00 ;?ICS_battery_global_default+0
; end of ?ICS_battery_global_default
;Alimentation_18F14k22.c,0 :: ?ICS_nb_rx_octet
0x0797	0x00 ;?ICS_nb_rx_octet+0
; end of ?ICS_nb_rx_octet
;Alimentation_18F14k22.c,0 :: ?ICS_state
0x0798	0x00 ;?ICS_state+0
; end of ?ICS_state
;Alimentation_18F14k22.c,0 :: ?ICS_ils_cpt
0x0799	0x04 ;?ICS_ils_cpt+0
; end of ?ICS_ils_cpt
;Alimentation_18F14k22.c,0 :: ?ICS_watchdog_restart
0x079A	0x0E10 ;?ICS_watchdog_restart+0
; end of ?ICS_watchdog_restart
;Alimentation_18F14k22.c,0 :: ?ICS_watchdog_restart_default
0x079C	0x0E10 ;?ICS_watchdog_restart_default+0
; end of ?ICS_watchdog_restart_default
;Alimentation_18F14k22.c,0 :: ?ICS_cpt_led
0x079E	0x64 ;?ICS_cpt_led+0
; end of ?ICS_cpt_led
;Alimentation_18F14k22.c,0 :: ?ICS_led_delay
0x079F	0x64 ;?ICS_led_delay+0
; end of ?ICS_led_delay
;__Lib_ADC_A_D.c,0 :: ?ICS_vref_mask
0x07A0	0x30 ;?ICS_vref_mask+0
; end of ?ICS_vref_mask
;Alimentation_18F14k22.c,0 :: ?ICS_tmp_rx
0x07A1	0x00 ;?ICS_tmp_rx+0
; end of ?ICS_tmp_rx
;Alimentation_18F14k22.c,0 :: ?ICS_nb_tx_octet
0x07A2	0x00 ;?ICS_nb_tx_octet+0
; end of ?ICS_nb_tx_octet
;Alimentation_18F14k22.c,0 :: ?ICS_cpt_led_puissance
0x07A3	0x14 ;?ICS_cpt_led_puissance+0
; end of ?ICS_cpt_led_puissance
Symbol List:
//** Routines locations **
//ADDRESS    SIZE    PROCEDURE
//----------------------------------------------
0x001C      [10]    _Delay_22us
0x0026      [46]    _ADC_Get_Sample
0x0054      [58]    _read_batteries_voltage
0x008E      [86]    _UART1_Init
0x00E4      [68]    _analyze_batteries_voltage
0x0128     [254]    _i2c_write_data_to_buffer
0x0226     [412]    _i2c_read_data_from_buffer
0x03C2      [48]    _init_i2c
0x03F2      [16]    ___CC2DW
0x0402      [44]    _init_io
0x042E      [38]    _ADC_Init
0x0454      [18]    _init_timer3
0x0466      [16]    _init_timer0
0x0476     [208]    _interrupt
0x0546     [396]    _main
0x06D2     [180]    _interrupt_low
//** Variables locations ** 
//ADDRESS    SIZE    VARIABLE
//----------------------------------------------
0x0000       [1]    UART1_Init_tmp_L0
0x0000       [1]    R0
0x0001       [1]    R1
0x0001       [1]    ispunct_rslt_L0
0x0001       [1]    UART1_Read___tmp_UART1_Read_L0
0x0002       [1]    R2
0x0002       [2]    strlen_cp_L0
0x0002       [2]    memcpy_dd_L0
0x0002       [2]    memchr_s_L0
0x0002       [2]    memset_pp_L0
0x0003       [2]    Ltrim_original_L0
0x0003       [2]    memmove_tt_L0
0x0003       [1]    R3
0x0004       [2]    strncat_cp_L0
0x0004       [2]    strcat_cp_L0
0x0004       [2]    strncpy_cp_L0
0x0004       [1]    R4
0x0004       [2]    memcpy_ss_L0
0x0004       [2]    strcpy_cp_L0
0x0005       [2]    LongWordToHex_input_half_L0
0x0005       [2]    LongIntToHex_input_half_L0
0x0005       [2]    Ltrim_p_L0
0x0005       [2]    memmove_ff_L0
0x0005       [1]    R5
0x0006       [1]    R6
0x0007       [1]    R7
0x0008       [1]    R8
0x0009       [1]    R9
0x000A       [1]    R10
0x000B       [1]    R11
0x000C       [1]    R12
0x000D       [1]    R13
0x000E       [1]    R14
0x000F       [1]    R15
0x0010       [1]    R16
0x0011       [1]    R17
0x0012       [1]    R18
0x0013       [1]    R19
0x0014       [1]    R20
0x0015       [1]    ___Low_saveWREG
0x0016       [1]    ___Low_saveSTATUS
0x0017       [1]    ___Low_saveBSR
0x0020       [3]    _default_time_to_start
0x0023       [1]    _ils_removed
0x0024       [1]    _set_led_on
0x0025       [1]    _k
0x0026       [2]    _cpt_wait
0x0028       [3]    _time_to_start
0x002B       [1]    _default_time_to_stop
0x002C       [1]    _time_to_stop
0x002D       [1]    _start_time_to_stop
0x002E       [1]    _led_puissance_delay
0x002F       [1]    _start_led_puissance
0x0030       [1]    _battery_global_default
0x0031       [1]    _nb_rx_octet
0x0032       [1]    _state
0x0033       [1]    _ils_cpt
0x0034       [2]    _watchdog_restart
0x0036       [2]    _watchdog_restart_default
0x0038       [1]    _cpt_led
0x0039       [1]    _led_delay
0x003A       [1]    _vref_mask
0x003B       [1]    _tmp_rx
0x003C       [1]    _nb_tx_octet
0x003D       [1]    _cpt_led_puissance
0x003E       [8]    _battery_voltage
0x0046       [8]    _rxbuffer_tab
0x004E       [4]    _UART_Tx_Idle_Ptr
0x0052       [4]    _UART_Wr_Ptr
0x0056       [4]    _UART_Rdy_Ptr
0x005A       [4]    _UART_Rd_Ptr
0x005E       [1]    i2c_read_data_from_buffer_i_L0
0x005E       [1]    analyze_batteries_voltage_l_L0
0x005F       [1]    FARG_ADC_Get_Sample_channel
0x0060       [1]    FARG_i2c_write_data_to_buffer_nb_tx_octet
0x0061       [4]    _ADC_Get_Sample_Ptr
0x0F6B       [1]    CM2CON0
0x0F6D       [1]    CM1CON0
0x0F6F       [1]    SSPMSK
0x0F77       [1]    WPUA
0x0F7E       [1]    ANSEL
0x0F80       [1]    PORTA
0x0F80       [0]    ILS
0x0F89       [0]    ALIM
0x0F89       [1]    LATA
0x0F89       [0]    LED_PUISSANCE
0x0F89       [0]    LED
0x0F89       [0]    LED1
0x0F92       [0]    TRISA0_bit
0x0F92       [1]    TRISA
0x0F92       [0]    TRISA1_bit
0x0F92       [0]    TRISA2_bit
0x0F92       [0]    TRISA5_bit
0x0F92       [0]    TRISA4_bit
0x0F93       [0]    TRISB6_bit
0x0F93       [0]    TRISB4_bit
0x0F93       [0]    TRISB5_bit
0x0F93       [0]    TRISB7_bit
0x0F94       [0]    TRISC2_bit
0x0F94       [0]    TRISC3_bit
0x0F94       [1]    TRISC
0x0F94       [0]    TRISC1_bit
0x0F94       [0]    TRISC0_bit
0x0F9D       [1]    PIE1
0x0F9E       [1]    PIR1
0x0F9F       [1]    IPR1
0x0FA0       [0]    TMR3IE_bit
0x0FA1       [1]    PIR2
0x0FA1       [0]    TMR3IF_bit
0x0FAB       [1]    RCSTA
0x0FAC       [1]    TXSTA
0x0FAE       [1]    RCREG
0x0FAF       [1]    SPBRG
0x0FB0       [1]    SPBRGH
0x0FB1       [0]    TMR3ON_bit
0x0FB1       [1]    T3CON
0x0FB2       [1]    TMR3L
0x0FB3       [1]    TMR3H
0x0FB8       [1]    BAUDCON
0x0FC0       [1]    ADCON2
0x0FC1       [1]    ADCON1
0x0FC2       [1]    ADCON0
0x0FC3       [1]    ADRESL
0x0FC4       [1]    ADRESH
0x0FC5       [1]    SSPCON2
0x0FC6       [1]    SSPCON1
0x0FC7       [1]    SSPSTAT
0x0FC8       [1]    SSPADD
0x0FC9       [1]    SSPBUF
0x0FD0       [1]    RCON
0x0FD3       [1]    OSCCON
0x0FD5       [0]    TMR0ON_bit
0x0FD5       [1]    T0CON
0x0FD6       [1]    TMR0L
0x0FD7       [1]    TMR0H
0x0FD8       [1]    STATUS
0x0FD9       [1]    FSR2L
0x0FDA       [1]    FSR2H
0x0FDE       [1]    POSTINC2
0x0FE0       [1]    BSR
0x0FE1       [1]    FSR1L
0x0FE2       [1]    FSR1H
0x0FE4       [1]    PREINC1
0x0FE6       [1]    POSTINC1
0x0FE7       [1]    INDF1
0x0FE8       [1]    WREG
0x0FE9       [1]    FSR0L
0x0FEA       [1]    FSR0H
0x0FEE       [1]    POSTINC0
0x0FF0       [1]    INTCON3
0x0FF1       [1]    INTCON2
0x0FF2       [0]    TMR0IF_bit
0x0FF2       [0]    TMR0IE_bit
0x0FF2       [1]    INTCON
0x0FF3       [1]    PRODL
0x0FF4       [1]    PRODH
0x0FF5       [1]    TABLAT
0x0FF6       [1]    TBLPTRL
0x0FF7       [1]    TBLPTRH
0x0FF8       [1]    TBLPTRU
//** Constants locations ** 
//ADDRESS    SIZE    CONSTANT
//----------------------------------------------
0x0786       [3]    ?ICS_default_time_to_start
0x0789       [1]    ?ICS_ils_removed
0x078A       [1]    ?ICS_set_led_on
0x078B       [1]    ?ICS_k
0x078C       [2]    ?ICS_cpt_wait
0x078E       [3]    ?ICS_time_to_start
0x0791       [1]    ?ICS_default_time_to_stop
0x0792       [1]    ?ICS_time_to_stop
0x0793       [1]    ?ICS_start_time_to_stop
0x0794       [1]    ?ICS_led_puissance_delay
0x0795       [1]    ?ICS_start_led_puissance
0x0796       [1]    ?ICS_battery_global_default
0x0797       [1]    ?ICS_nb_rx_octet
0x0798       [1]    ?ICS_state
0x0799       [1]    ?ICS_ils_cpt
0x079A       [2]    ?ICS_watchdog_restart
0x079C       [2]    ?ICS_watchdog_restart_default
0x079E       [1]    ?ICS_cpt_led
0x079F       [1]    ?ICS_led_delay
0x07A0       [1]    ?ICS_vref_mask
0x07A1       [1]    ?ICS_tmp_rx
0x07A2       [1]    ?ICS_nb_tx_octet
0x07A3       [1]    ?ICS_cpt_led_puissance
