0	1	mikroCPIC1618.exe -MSF -DBG -pP18F14K22 -DL -O11111114 -fo64 -N"E:\hardware\Propulseur_18F14k22.mcppi" -SP"C:\Users\Public\Documents\Mikroelektronika\mikroC PRO for PIC\defs\" -SP"C:\Users\Public\Documents\Mikroelektronika\mikroC PRO for PIC\uses\P18\" -SP"E:\hardware\" -SP"C:\applis\mikroC PRO for PIC\defs\" -SP"C:\applis\mikroC PRO for PIC\uses\P18\" -SP"G:\hardware\" -SP"U:\Projet\Robot Thomas\Robot\PIC Propulseur\" -SP"U:\Projet\Robot DAART\Carte pcduino 2\PIC afficheur\" -SP"E:\Projet\Robot Thomas\Robot\" -SP"F:\Projet\Robot Thomas\Robot\" -SP"U:\Projet\Sat\Programme SAT-Logger\" -SP"U:\Projet\Sat\1336479691_interrupts_on_pi_mikroc_pic\mikroC - 18F45k22\Interrupt On Change\" -SP"U:\Projet\Sat\1334843795_microsd_click____mikroc_pic\mikroC PRO for PIC\EasyPIC7 - PIC18F45K22\microSD click FAT16\" -SP"U:\Projet\Sat\Nouveau dossier\EasyPIC v7 - PIC18F45K22\" -SP"U:\Projet\Sat\1336479691_interrupts_on_pi_mikroc_pic\mikroC - 18F45k22\Peripheral Interrupt\" -SP"U:\Projet\Ecg\" -SP"U:\Projet\Sat\Temperature Logger\" -SP"U:\Projet\Sat\1334843795_microsd_click____mikroc_pic\mikroC PRO for PIC\EasyPIC7 - PIC18F45K22\microSD click Common\" -SP"U:\Projet\Sat\Nouveau dossier\Memory Card Project\" -SP"U:\Projet\Robot DAART\Carte pcduino 2\PIC ultrason\" -SP"U:\Projet\Bracelet\Programme\" -SP"U:\Projet\Robot DAART\Carte pcduino 2\PIC codeur\" -SP"U:\Projet\Robot Thomas\Robot\I2C_Slave\" -SP"U:\Projet\Robot Thomas\Robot\1452263955_how_design_state_mikroc_pic\MAQUINA DE ESTADO 12f675\" -SP"U:\Projet\Robot Thomas\Robot\" "Propulseur_18F14k22.c" "__Lib_Math.mcl" "__Lib_MathDouble.mcl" "__Lib_System.mcl" "__Lib_Delays.mcl" "__Lib_CType.mcl" "__Lib_CString.mcl" "__Lib_CStdlib.mcl" "__Lib_Conversions.mcl" "__Lib_ADC_A_D.mcl" "__Lib_I2C_b46.mcl" "__Lib_PWM_c5.mcl" "__Lib_UART_b57.mcl"	 
warning: 0	1501	Specified search path does not exist: 'C:\applis\mikroC PRO for PIC\defs'	 
warning: 0	1501	Specified search path does not exist: 'C:\applis\mikroC PRO for PIC\uses\P18'	 
warning: 0	1501	Specified search path does not exist: 'G:\hardware'	 
warning: 0	1501	Specified search path does not exist: 'U:\Projet\Robot Thomas\Robot\PIC Propulseur'	 
warning: 0	1501	Specified search path does not exist: 'U:\Projet\Robot DAART\Carte pcduino 2\PIC afficheur'	 
warning: 0	1501	Specified search path does not exist: 'E:\Projet\Robot Thomas\Robot'	 
warning: 0	1501	Specified search path does not exist: 'F:\Projet\Robot Thomas\Robot'	 
warning: 0	1501	Specified search path does not exist: 'U:\Projet\Sat\Programme SAT-Logger'	 
warning: 0	1501	Specified search path does not exist: 'U:\Projet\Sat\1336479691_interrupts_on_pi_mikroc_pic\mikroC - 18F45k22\Interrupt On Change'	 
warning: 0	1501	Specified search path does not exist: 'U:\Projet\Sat\1334843795_microsd_click____mikroc_pic\mikroC PRO for PIC\EasyPIC7 - PIC18F45K22\microSD click FAT16'	 
warning: 0	1501	Specified search path does not exist: 'U:\Projet\Sat\Nouveau dossier\EasyPIC v7 - PIC18F45K22'	 
warning: 0	1501	Specified search path does not exist: 'U:\Projet\Sat\1336479691_interrupts_on_pi_mikroc_pic\mikroC - 18F45k22\Peripheral Interrupt'	 
warning: 0	1501	Specified search path does not exist: 'U:\Projet\Ecg'	 
warning: 0	1501	Specified search path does not exist: 'U:\Projet\Sat\Temperature Logger'	 
warning: 0	1501	Specified search path does not exist: 'U:\Projet\Sat\1334843795_microsd_click____mikroc_pic\mikroC PRO for PIC\EasyPIC7 - PIC18F45K22\microSD click Common'	 
warning: 0	1501	Specified search path does not exist: 'U:\Projet\Sat\Nouveau dossier\Memory Card Project'	 
warning: 0	1501	Specified search path does not exist: 'U:\Projet\Robot DAART\Carte pcduino 2\PIC ultrason'	 
warning: 0	1501	Specified search path does not exist: 'U:\Projet\Bracelet\Programme'	 
warning: 0	1501	Specified search path does not exist: 'U:\Projet\Robot DAART\Carte pcduino 2\PIC codeur'	 
warning: 0	1501	Specified search path does not exist: 'U:\Projet\Robot Thomas\Robot\I2C_Slave'	 
warning: 0	1501	Specified search path does not exist: 'U:\Projet\Robot Thomas\Robot\1452263955_how_design_state_mikroc_pic\MAQUINA DE ESTADO 12f675'	 
warning: 0	1501	Specified search path does not exist: 'U:\Projet\Robot Thomas\Robot'	 
hint: 0	1139	Available RAM: 491 [bytes], Available ROM: 16384 [bytes]	 
diagnostics: 0	122	Compilation Started	__Lib_Delays.c
diagnostics: 172	123	Compiled Successfully	__Lib_Delays.c
diagnostics: 0	122	Compilation Started	Propulseur_18F14k22.c
diagnostics: 381	123	Compiled Successfully	Propulseur_18F14k22.c
diagnostics: 0	127	All files Compiled in 281 ms	 
hint: 0	1144	Used RAM (bytes): 41 (8%)  Free RAM (bytes): 450 (92%)	Used RAM (bytes): 41 (8%)  Free RAM (bytes): 450 (92%)
hint: 0	1144	Used ROM (bytes): 892 (5%)  Free ROM (bytes): 15492 (95%)	Used ROM (bytes): 892 (5%)  Free ROM (bytes): 15492 (95%)
diagnostics: 0	125	Project Linked Successfully	Propulseur_18F14k22.mcppi
diagnostics: 0	128	Linked in 328 ms	 
diagnostics: 0	129	Project 'Propulseur_18F14k22.mcppi' completed: 797 ms	 
diagnostics: 0	103	Finished successfully: 20 juin 2018, 12:50:26	Propulseur_18F14k22.mcppi
